============================= test session starts ==============================
platform linux -- Python 3.12.3, pytest-7.4.3, pluggy-1.5.0 -- /usr/bin/python3
cachedir: .pytest_cache
hypothesis profile 'default'
rootdir: /home/dislove/document/acgs2/acgs2-core/enhanced_agent_bus
configfile: pyproject.toml
plugins: anyio-3.7.1, asyncio-0.21.1, cov-4.1.0, hypothesis-6.137.1
asyncio: mode=Mode.AUTO
collecting ... collected 3476 items

acgs2-core/enhanced_agent_bus/tests/test_acl_adapters_base.py::TestAdapterState::test_closed_state PASSED [  0%]
acgs2-core/enhanced_agent_bus/tests/test_acl_adapters_base.py::TestAdapterState::test_open_state PASSED [  0%]
acgs2-core/enhanced_agent_bus/tests/test_acl_adapters_base.py::TestAdapterState::test_half_open_state PASSED [  0%]
acgs2-core/enhanced_agent_bus/tests/test_acl_adapters_base.py::TestAdapterTimeoutError::test_error_creation PASSED [  0%]
acgs2-core/enhanced_agent_bus/tests/test_acl_adapters_base.py::TestAdapterTimeoutError::test_error_message PASSED [  0%]
acgs2-core/enhanced_agent_bus/tests/test_acl_adapters_base.py::TestAdapterTimeoutError::test_to_dict PASSED [  0%]
acgs2-core/enhanced_agent_bus/tests/test_acl_adapters_base.py::TestAdapterCircuitOpenError::test_error_creation PASSED [  0%]
acgs2-core/enhanced_agent_bus/tests/test_acl_adapters_base.py::TestAdapterCircuitOpenError::test_error_message PASSED [  0%]
acgs2-core/enhanced_agent_bus/tests/test_acl_adapters_base.py::TestAdapterCircuitOpenError::test_to_dict PASSED [  0%]
acgs2-core/enhanced_agent_bus/tests/test_acl_adapters_base.py::TestRateLimitExceededError::test_error_creation PASSED [  0%]
acgs2-core/enhanced_agent_bus/tests/test_acl_adapters_base.py::TestRateLimitExceededError::test_error_message PASSED [  0%]
acgs2-core/enhanced_agent_bus/tests/test_acl_adapters_base.py::TestRateLimitExceededError::test_to_dict PASSED [  0%]
acgs2-core/enhanced_agent_bus/tests/test_acl_adapters_base.py::TestAdapterConfig::test_default_values PASSED [  0%]
acgs2-core/enhanced_agent_bus/tests/test_acl_adapters_base.py::TestAdapterConfig::test_custom_values PASSED [  0%]
acgs2-core/enhanced_agent_bus/tests/test_acl_adapters_base.py::TestAdapterResult::test_success_result PASSED [  0%]
acgs2-core/enhanced_agent_bus/tests/test_acl_adapters_base.py::TestAdapterResult::test_failure_result PASSED [  0%]
acgs2-core/enhanced_agent_bus/tests/test_acl_adapters_base.py::TestAdapterResult::test_cached_result PASSED [  0%]
acgs2-core/enhanced_agent_bus/tests/test_acl_adapters_base.py::TestAdapterResult::test_fallback_result PASSED [  0%]
acgs2-core/enhanced_agent_bus/tests/test_acl_adapters_base.py::TestAdapterResult::test_to_dict_success PASSED [  0%]
acgs2-core/enhanced_agent_bus/tests/test_acl_adapters_base.py::TestAdapterResult::test_to_dict_with_error PASSED [  0%]
acgs2-core/enhanced_agent_bus/tests/test_acl_adapters_base.py::TestSimpleCircuitBreaker::test_initial_state_closed PASSED [  0%]
acgs2-core/enhanced_agent_bus/tests/test_acl_adapters_base.py::TestSimpleCircuitBreaker::test_custom_thresholds PASSED [  0%]
acgs2-core/enhanced_agent_bus/tests/test_acl_adapters_base.py::TestSimpleCircuitBreaker::test_record_success_in_closed PASSED [  0%]
acgs2-core/enhanced_agent_bus/tests/test_acl_adapters_base.py::TestSimpleCircuitBreaker::test_opens_after_threshold_failures PASSED [  0%]
acgs2-core/enhanced_agent_bus/tests/test_acl_adapters_base.py::TestSimpleCircuitBreaker::test_stays_closed_below_threshold PASSED [  0%]
acgs2-core/enhanced_agent_bus/tests/test_acl_adapters_base.py::TestSimpleCircuitBreaker::test_time_until_recovery PASSED [  0%]
acgs2-core/enhanced_agent_bus/tests/test_acl_adapters_base.py::TestSimpleCircuitBreaker::test_transitions_to_half_open PASSED [  0%]
acgs2-core/enhanced_agent_bus/tests/test_acl_adapters_base.py::TestSimpleCircuitBreaker::test_half_open_to_closed_on_success PASSED [  0%]
acgs2-core/enhanced_agent_bus/tests/test_acl_adapters_base.py::TestSimpleCircuitBreaker::test_half_open_to_open_on_failure PASSED [  0%]
acgs2-core/enhanced_agent_bus/tests/test_acl_adapters_base.py::TestSimpleCircuitBreaker::test_reset PASSED [  0%]
acgs2-core/enhanced_agent_bus/tests/test_acl_adapters_base.py::TestTokenBucketRateLimiter::test_initial_burst PASSED [  0%]
acgs2-core/enhanced_agent_bus/tests/test_acl_adapters_base.py::TestTokenBucketRateLimiter::test_rate_limited_after_burst PASSED [  0%]
acgs2-core/enhanced_agent_bus/tests/test_acl_adapters_base.py::TestTokenBucketRateLimiter::test_tokens_refill PASSED [  0%]
acgs2-core/enhanced_agent_bus/tests/test_acl_adapters_base.py::TestACLAdapter::test_successful_call PASSED [  0%]
acgs2-core/enhanced_agent_bus/tests/test_acl_adapters_base.py::TestACLAdapter::test_caching PASSED [  1%]
acgs2-core/enhanced_agent_bus/tests/test_acl_adapters_base.py::TestACLAdapter::test_cache_disabled PASSED [  1%]
acgs2-core/enhanced_agent_bus/tests/test_acl_adapters_base.py::TestACLAdapter::test_timeout_error PASSED [  1%]
acgs2-core/enhanced_agent_bus/tests/test_acl_adapters_base.py::TestACLAdapter::test_retry_on_failure PASSED [  1%]
acgs2-core/enhanced_agent_bus/tests/test_acl_adapters_base.py::TestACLAdapter::test_fallback_on_circuit_open PASSED [  1%]
acgs2-core/enhanced_agent_bus/tests/test_acl_adapters_base.py::TestACLAdapter::test_circuit_open_no_fallback PASSED [  1%]
acgs2-core/enhanced_agent_bus/tests/test_acl_adapters_base.py::TestACLAdapter::test_invalid_response_handling PASSED [  1%]
acgs2-core/enhanced_agent_bus/tests/test_acl_adapters_base.py::TestACLAdapter::test_get_metrics PASSED [  1%]
acgs2-core/enhanced_agent_bus/tests/test_acl_adapters_base.py::TestACLAdapter::test_get_health PASSED [  1%]
acgs2-core/enhanced_agent_bus/tests/test_acl_adapters_base.py::TestACLAdapter::test_clear_cache PASSED [  1%]
acgs2-core/enhanced_agent_bus/tests/test_acl_adapters_base.py::TestACLAdapter::test_reset_circuit_breaker PASSED [  1%]
acgs2-core/enhanced_agent_bus/tests/test_acl_adapters_base.py::TestConstitutionalHash::test_hash_value PASSED [  1%]
acgs2-core/enhanced_agent_bus/tests/test_acl_adapters_base.py::TestConstitutionalHash::test_exceptions_include_hash PASSED [  1%]
acgs2-core/enhanced_agent_bus/tests/test_acl_adapters_base.py::TestConstitutionalHash::test_result_includes_hash PASSED [  1%]
acgs2-core/enhanced_agent_bus/tests/test_acl_registry.py::TestAdapterRegistrySingleton::test_singleton_returns_same_instance PASSED [  1%]
acgs2-core/enhanced_agent_bus/tests/test_acl_registry.py::TestAdapterRegistrySingleton::test_singleton_preserves_state PASSED [  1%]
acgs2-core/enhanced_agent_bus/tests/test_acl_registry.py::TestGetOrCreate::test_create_new_adapter PASSED [  1%]
acgs2-core/enhanced_agent_bus/tests/test_acl_registry.py::TestGetOrCreate::test_get_existing_adapter PASSED [  1%]
acgs2-core/enhanced_agent_bus/tests/test_acl_registry.py::TestGetOrCreate::test_create_with_config PASSED [  1%]
acgs2-core/enhanced_agent_bus/tests/test_acl_registry.py::TestGetOrCreate::test_create_multiple_adapters PASSED [  1%]
acgs2-core/enhanced_agent_bus/tests/test_acl_registry.py::TestGet::test_get_existing_adapter PASSED [  1%]
acgs2-core/enhanced_agent_bus/tests/test_acl_registry.py::TestGet::test_get_nonexistent_adapter PASSED [  1%]
acgs2-core/enhanced_agent_bus/tests/test_acl_registry.py::TestRemove::test_remove_existing_adapter PASSED [  1%]
acgs2-core/enhanced_agent_bus/tests/test_acl_registry.py::TestRemove::test_remove_nonexistent_adapter PASSED [  1%]
acgs2-core/enhanced_agent_bus/tests/test_acl_registry.py::TestListAdapters::test_list_empty_registry PASSED [  1%]
acgs2-core/enhanced_agent_bus/tests/test_acl_registry.py::TestListAdapters::test_list_populated_registry PASSED [  1%]
acgs2-core/enhanced_agent_bus/tests/test_acl_registry.py::TestResetAll::test_reset_all_adapters PASSED [  1%]
acgs2-core/enhanced_agent_bus/tests/test_acl_registry.py::TestGetAllHealth::test_health_empty_registry PASSED [  1%]
acgs2-core/enhanced_agent_bus/tests/test_acl_registry.py::TestGetAllHealth::test_health_all_healthy PASSED [  1%]
acgs2-core/enhanced_agent_bus/tests/test_acl_registry.py::TestGetAllHealth::test_health_some_degraded PASSED [  1%]
acgs2-core/enhanced_agent_bus/tests/test_acl_registry.py::TestGetAllHealth::test_health_includes_timestamp PASSED [  1%]
acgs2-core/enhanced_agent_bus/tests/test_acl_registry.py::TestGetAllMetrics::test_metrics_empty_registry PASSED [  1%]
acgs2-core/enhanced_agent_bus/tests/test_acl_registry.py::TestGetAllMetrics::test_metrics_aggregation PASSED [  1%]
acgs2-core/enhanced_agent_bus/tests/test_acl_registry.py::TestGetAllMetrics::test_metrics_includes_per_adapter PASSED [  1%]
acgs2-core/enhanced_agent_bus/tests/test_acl_registry.py::TestCloseAll::test_close_all_adapters PASSED [  1%]
acgs2-core/enhanced_agent_bus/tests/test_acl_registry.py::TestCloseAll::test_close_adapters_without_close_method PASSED [  2%]
acgs2-core/enhanced_agent_bus/tests/test_acl_registry.py::TestCloseAll::test_close_handles_errors PASSED [  2%]
acgs2-core/enhanced_agent_bus/tests/test_acl_registry.py::TestClear::test_clear_removes_all_adapters PASSED [  2%]
acgs2-core/enhanced_agent_bus/tests/test_acl_registry.py::TestClear::test_clear_empty_registry PASSED [  2%]
acgs2-core/enhanced_agent_bus/tests/test_acl_registry.py::TestGetRegistry::test_get_registry_returns_singleton PASSED [  2%]
acgs2-core/enhanced_agent_bus/tests/test_acl_registry.py::TestGetAdapter::test_get_adapter_returns_existing PASSED [  2%]
acgs2-core/enhanced_agent_bus/tests/test_acl_registry.py::TestGetAdapter::test_get_adapter_returns_none_for_missing PASSED [  2%]
acgs2-core/enhanced_agent_bus/tests/test_acl_registry.py::TestConstitutionalCompliance::test_health_includes_constitutional_hash PASSED [  2%]
acgs2-core/enhanced_agent_bus/tests/test_acl_registry.py::TestConstitutionalCompliance::test_metrics_includes_constitutional_hash PASSED [  2%]
acgs2-core/enhanced_agent_bus/tests/test_acl_registry.py::TestConcurrency::test_multiple_creates_same_adapter PASSED [  2%]
acgs2-core/enhanced_agent_bus/tests/test_acl_registry.py::TestEdgeCases::test_adapter_with_empty_name PASSED [  2%]
acgs2-core/enhanced_agent_bus/tests/test_acl_registry.py::TestEdgeCases::test_health_threshold_boundary PASSED [  2%]
acgs2-core/enhanced_agent_bus/tests/test_adaptive_router.py::TestAdaptiveRouterInitialization::test_default_initialization PASSED [  2%]
acgs2-core/enhanced_agent_bus/tests/test_adaptive_router.py::TestAdaptiveRouterInitialization::test_custom_initialization PASSED [  2%]
acgs2-core/enhanced_agent_bus/tests/test_adaptive_router.py::TestAdaptiveRouterInitialization::test_performance_metrics_initialized PASSED [  2%]
acgs2-core/enhanced_agent_bus/tests/test_adaptive_router.py::TestRouteMessage::test_route_low_impact_to_fast_lane PASSED [  2%]
acgs2-core/enhanced_agent_bus/tests/test_adaptive_router.py::TestRouteMessage::test_route_high_impact_to_deliberation PASSED [  2%]
acgs2-core/enhanced_agent_bus/tests/test_adaptive_router.py::TestRouteMessage::test_route_boundary_score_at_threshold PASSED [  2%]
acgs2-core/enhanced_agent_bus/tests/test_adaptive_router.py::TestRouteMessage::test_route_calculates_missing_impact_score PASSED [  2%]
acgs2-core/enhanced_agent_bus/tests/test_adaptive_router.py::TestRouteMessage::test_route_message_updates_status PASSED [  2%]
acgs2-core/enhanced_agent_bus/tests/test_adaptive_router.py::TestRouteMessage::test_route_with_context PASSED [  2%]
acgs2-core/enhanced_agent_bus/tests/test_adaptive_router.py::TestRoutingHistory::test_routing_history_recorded PASSED [  2%]
acgs2-core/enhanced_agent_bus/tests/test_adaptive_router.py::TestRoutingHistory::test_routing_history_disabled_when_learning_off PASSED [  2%]
acgs2-core/enhanced_agent_bus/tests/test_adaptive_router.py::TestRoutingHistory::test_routing_history_capped_at_1000 PASSED [  2%]
acgs2-core/enhanced_agent_bus/tests/test_adaptive_router.py::TestPerformanceFeedback::test_update_feedback_approved PASSED [  2%]
acgs2-core/enhanced_agent_bus/tests/test_adaptive_router.py::TestPerformanceFeedback::test_update_feedback_rejected PASSED [  2%]
acgs2-core/enhanced_agent_bus/tests/test_adaptive_router.py::TestPerformanceFeedback::test_update_feedback_timeout PASSED [  2%]
acgs2-core/enhanced_agent_bus/tests/test_adaptive_router.py::TestPerformanceFeedback::test_update_feedback_missing_message PASSED [  2%]
acgs2-core/enhanced_agent_bus/tests/test_adaptive_router.py::TestPerformanceFeedback::test_update_feedback_disabled_when_learning_off PASSED [  2%]
acgs2-core/enhanced_agent_bus/tests/test_adaptive_router.py::TestAdaptiveThresholdAdjustment::test_threshold_not_adjusted_insufficient_data PASSED [  2%]
acgs2-core/enhanced_agent_bus/tests/test_adaptive_router.py::TestAdaptiveThresholdAdjustment::test_threshold_bounded_between_0_1_and_0_95 PASSED [  2%]
acgs2-core/enhanced_agent_bus/tests/test_adaptive_router.py::TestRoutingStatistics::test_get_routing_stats_empty PASSED [  2%]
acgs2-core/enhanced_agent_bus/tests/test_adaptive_router.py::TestRoutingStatistics::test_get_routing_stats_with_data PASSED [  2%]
acgs2-core/enhanced_agent_bus/tests/test_adaptive_router.py::TestThresholdManagement::test_set_impact_threshold_valid PASSED [  2%]
acgs2-core/enhanced_agent_bus/tests/test_adaptive_router.py::TestThresholdManagement::test_set_impact_threshold_clamped_high PASSED [  2%]
acgs2-core/enhanced_agent_bus/tests/test_adaptive_router.py::TestThresholdManagement::test_set_impact_threshold_clamped_low PASSED [  3%]
acgs2-core/enhanced_agent_bus/tests/test_adaptive_router.py::TestForceDeliberation::test_force_deliberation_overrides_score PASSED [  3%]
acgs2-core/enhanced_agent_bus/tests/test_adaptive_router.py::TestForceDeliberation::test_force_deliberation_default_reason PASSED [  3%]
acgs2-core/enhanced_agent_bus/tests/test_adaptive_router.py::TestForceDeliberation::test_force_deliberation_increments_counter PASSED [  3%]
acgs2-core/enhanced_agent_bus/tests/test_adaptive_router.py::TestGetAdaptiveRouter::test_get_adaptive_router_returns_instance PASSED [  3%]
acgs2-core/enhanced_agent_bus/tests/test_adaptive_router.py::TestGetAdaptiveRouter::test_get_adaptive_router_returns_same_instance PASSED [  3%]
acgs2-core/enhanced_agent_bus/tests/test_adaptive_router.py::TestMultipleRoutingDecisions::test_multiple_messages_different_paths PASSED [  3%]
acgs2-core/enhanced_agent_bus/tests/test_adaptive_router.py::TestConstitutionalCompliance::test_routing_preserves_constitutional_hash PASSED [  3%]
acgs2-core/enhanced_agent_bus/tests/test_adaptive_router.py::TestConstitutionalCompliance::test_routing_includes_decision_timestamp PASSED [  3%]
acgs2-core/enhanced_agent_bus/tests/test_adaptive_router_module.py::TestAdaptiveRouterModule::test_route_low_risk_to_fast_lane PASSED [  3%]
acgs2-core/enhanced_agent_bus/tests/test_adaptive_router_module.py::TestAdaptiveRouterModule::test_route_high_risk_to_deliberation PASSED [  3%]
acgs2-core/enhanced_agent_bus/tests/test_adaptive_router_module.py::TestAdaptiveRouterModule::test_impact_score_calculation PASSED [  3%]
acgs2-core/enhanced_agent_bus/tests/test_adaptive_router_module.py::TestAdaptiveRouterModule::test_routing_history_recording PASSED [  3%]
acgs2-core/enhanced_agent_bus/tests/test_adaptive_router_module.py::TestAdaptiveRouterModule::test_routing_history_disabled PASSED [  3%]
acgs2-core/enhanced_agent_bus/tests/test_adaptive_router_module.py::TestAdaptiveRouterModule::test_performance_feedback_update PASSED [  3%]
acgs2-core/enhanced_agent_bus/tests/test_adaptive_router_module.py::TestAdaptiveRouterModule::test_performance_feedback_rejected PASSED [  3%]
acgs2-core/enhanced_agent_bus/tests/test_adaptive_router_module.py::TestAdaptiveRouterModule::test_performance_feedback_timeout PASSED [  3%]
acgs2-core/enhanced_agent_bus/tests/test_adaptive_router_module.py::TestAdaptiveRouterModule::test_get_routing_stats PASSED [  3%]
acgs2-core/enhanced_agent_bus/tests/test_adaptive_router_module.py::TestAdaptiveRouterModule::test_routing_stats_percentages PASSED [  3%]
acgs2-core/enhanced_agent_bus/tests/test_adaptive_router_module.py::TestAdaptiveRouterModule::test_set_impact_threshold PASSED [  3%]
acgs2-core/enhanced_agent_bus/tests/test_adaptive_router_module.py::TestAdaptiveRouterModule::test_set_impact_threshold_bounds PASSED [  3%]
acgs2-core/enhanced_agent_bus/tests/test_adaptive_router_module.py::TestAdaptiveRouterModule::test_force_deliberation PASSED [  3%]
acgs2-core/enhanced_agent_bus/tests/test_adaptive_router_module.py::TestAdaptiveRouterModule::test_force_deliberation_preserves_original_score PASSED [  3%]
acgs2-core/enhanced_agent_bus/tests/test_adaptive_router_module.py::TestAdaptiveRouterModule::test_routing_history_limit PASSED [  3%]
acgs2-core/enhanced_agent_bus/tests/test_adaptive_router_module.py::TestAdaptiveRouterModule::test_message_status_updated_on_fast_lane PASSED [  3%]
acgs2-core/enhanced_agent_bus/tests/test_adaptive_router_module.py::TestAdaptiveRouterModule::test_multiple_messages_metrics PASSED [  3%]
acgs2-core/enhanced_agent_bus/tests/test_advanced_workflows.py::test_saga_persistence_and_resume PASSED [  3%]
acgs2-core/enhanced_agent_bus/tests/test_advanced_workflows.py::test_weighted_voting_consensus PASSED [  3%]
acgs2-core/enhanced_agent_bus/tests/test_advanced_workflows.py::test_workflow_versioning_propagation PASSED [  3%]
acgs2-core/enhanced_agent_bus/tests/test_agent_bus.py::TestLifecycle::test_initial_state_not_running PASSED [  3%]
acgs2-core/enhanced_agent_bus/tests/test_agent_bus.py::TestLifecycle::test_start_sets_running_true PASSED [  3%]
acgs2-core/enhanced_agent_bus/tests/test_agent_bus.py::TestLifecycle::test_stop_sets_running_false PASSED [  3%]
acgs2-core/enhanced_agent_bus/tests/test_agent_bus.py::TestLifecycle::test_double_start_is_safe PASSED [  3%]
acgs2-core/enhanced_agent_bus/tests/test_agent_bus.py::TestLifecycle::test_double_stop_is_safe PASSED [  3%]
acgs2-core/enhanced_agent_bus/tests/test_agent_bus.py::TestAgentRegistration::test_register_agent_success PASSED [  3%]
acgs2-core/enhanced_agent_bus/tests/test_agent_bus.py::TestAgentRegistration::test_register_agent_with_constitutional_hash PASSED [  4%]
acgs2-core/enhanced_agent_bus/tests/test_agent_bus.py::TestAgentRegistration::test_register_multiple_agents PASSED [  4%]
acgs2-core/enhanced_agent_bus/tests/test_agent_bus.py::TestAgentRegistration::test_unregister_agent_success PASSED [  4%]
acgs2-core/enhanced_agent_bus/tests/test_agent_bus.py::TestAgentRegistration::test_unregister_nonexistent_agent PASSED [  4%]
acgs2-core/enhanced_agent_bus/tests/test_agent_bus.py::TestAgentRegistration::test_get_agent_info_exists PASSED [  4%]
acgs2-core/enhanced_agent_bus/tests/test_agent_bus.py::TestAgentRegistration::test_get_agent_info_not_exists PASSED [  4%]
acgs2-core/enhanced_agent_bus/tests/test_agent_bus.py::TestAgentFiltering::test_get_agents_by_type PASSED [  4%]
acgs2-core/enhanced_agent_bus/tests/test_agent_bus.py::TestAgentFiltering::test_get_agents_by_type_empty PASSED [  4%]
acgs2-core/enhanced_agent_bus/tests/test_agent_bus.py::TestAgentFiltering::test_get_agents_by_capability PASSED [  4%]
acgs2-core/enhanced_agent_bus/tests/test_agent_bus.py::TestAgentFiltering::test_get_agents_by_capability_empty PASSED [  4%]
acgs2-core/enhanced_agent_bus/tests/test_agent_bus.py::TestMessageSending::test_send_message_success PASSED [  4%]
acgs2-core/enhanced_agent_bus/tests/test_agent_bus.py::TestMessageSending::test_send_message_validation_failure PASSED [  4%]
acgs2-core/enhanced_agent_bus/tests/test_agent_bus.py::TestMessageSending::test_send_message_increments_metrics PASSED [  4%]
acgs2-core/enhanced_agent_bus/tests/test_agent_bus.py::TestMessageSending::test_send_message_failed_increments_failed_metrics PASSED [  4%]
acgs2-core/enhanced_agent_bus/tests/test_agent_bus.py::TestMultiTenantIsolation::test_tenant_mismatch_sender_rejected PASSED [  4%]
acgs2-core/enhanced_agent_bus/tests/test_agent_bus.py::TestMultiTenantIsolation::test_tenant_mismatch_recipient_rejected PASSED [  4%]
acgs2-core/enhanced_agent_bus/tests/test_agent_bus.py::TestMultiTenantIsolation::test_tenant_match_accepted PASSED [  4%]
acgs2-core/enhanced_agent_bus/tests/test_agent_bus.py::TestMultiTenantIsolation::test_no_tenant_agents_isolated PASSED [  4%]
acgs2-core/enhanced_agent_bus/tests/test_agent_bus.py::TestBroadcast::test_broadcast_to_same_tenant_only PASSED [  4%]
acgs2-core/enhanced_agent_bus/tests/test_agent_bus.py::TestBroadcast::test_broadcast_no_tenant_isolation PASSED [  4%]
acgs2-core/enhanced_agent_bus/tests/test_agent_bus.py::TestMessageReceiving::test_receive_message_timeout PASSED [  4%]
acgs2-core/enhanced_agent_bus/tests/test_agent_bus.py::TestMessageReceiving::test_receive_message_success PASSED [  4%]
acgs2-core/enhanced_agent_bus/tests/test_agent_bus.py::TestMetrics::test_get_metrics_includes_required_fields PASSED [  4%]
acgs2-core/enhanced_agent_bus/tests/test_agent_bus.py::TestMetrics::test_get_metrics_async_includes_circuit_breaker PASSED [  4%]
acgs2-core/enhanced_agent_bus/tests/test_agent_bus.py::TestMetrics::test_metrics_track_registered_agents PASSED [  4%]
acgs2-core/enhanced_agent_bus/tests/test_agent_bus.py::TestDegradedMode::test_fallback_to_static_validation_on_processor_failure PASSED [  4%]
acgs2-core/enhanced_agent_bus/tests/test_agent_bus.py::TestDegradedMode::test_degraded_mode_still_validates_hash PASSED [  4%]
acgs2-core/enhanced_agent_bus/tests/test_agent_bus.py::TestDegradedMode::test_degraded_mode_rejects_invalid_hash PASSED [  4%]
acgs2-core/enhanced_agent_bus/tests/test_agent_bus.py::TestDIComponents::test_processor_property PASSED [  4%]
acgs2-core/enhanced_agent_bus/tests/test_agent_bus.py::TestDIComponents::test_registry_property PASSED [  4%]
acgs2-core/enhanced_agent_bus/tests/test_agent_bus.py::TestDIComponents::test_router_property PASSED [  4%]
acgs2-core/enhanced_agent_bus/tests/test_agent_bus.py::TestDIComponents::test_validator_property PASSED [  4%]
acgs2-core/enhanced_agent_bus/tests/test_agent_bus.py::TestSingleton::test_get_agent_bus_creates_singleton PASSED [  4%]
acgs2-core/enhanced_agent_bus/tests/test_agent_bus.py::TestSingleton::test_reset_agent_bus_clears_singleton PASSED [  4%]
acgs2-core/enhanced_agent_bus/tests/test_agent_bus.py::TestTenantHelpers::test_normalize_tenant_id_none PASSED [  5%]
acgs2-core/enhanced_agent_bus/tests/test_agent_bus.py::TestTenantHelpers::test_normalize_tenant_id_empty_string PASSED [  5%]
acgs2-core/enhanced_agent_bus/tests/test_agent_bus.py::TestTenantHelpers::test_normalize_tenant_id_value PASSED [  5%]
acgs2-core/enhanced_agent_bus/tests/test_agent_bus.py::TestTenantHelpers::test_format_tenant_id_none PASSED [  5%]
acgs2-core/enhanced_agent_bus/tests/test_agent_bus.py::TestTenantHelpers::test_format_tenant_id_value PASSED [  5%]
acgs2-core/enhanced_agent_bus/tests/test_agent_bus.py::TestInitialization::test_default_initialization PASSED [  5%]
acgs2-core/enhanced_agent_bus/tests/test_agent_bus.py::TestInitialization::test_initialization_with_custom_redis PASSED [  5%]
acgs2-core/enhanced_agent_bus/tests/test_agent_bus.py::TestInitialization::test_initialization_with_dynamic_policy PASSED [  5%]
acgs2-core/enhanced_agent_bus/tests/test_agent_bus.py::TestInitialization::test_initialization_with_metering_disabled PASSED [  5%]
acgs2-core/enhanced_agent_bus/tests/test_agent_bus.py::TestConstitutionalHash::test_bus_has_constitutional_hash PASSED [  5%]
acgs2-core/enhanced_agent_bus/tests/test_agent_bus.py::TestConstitutionalHash::test_registered_agents_have_constitutional_hash PASSED [  5%]
acgs2-core/enhanced_agent_bus/tests/test_agent_bus.py::TestEdgeCases::test_register_duplicate_agent FAILED [  5%]
acgs2-core/enhanced_agent_bus/tests/test_agent_bus.py::TestEdgeCases::test_empty_capabilities_list PASSED [  5%]
acgs2-core/enhanced_agent_bus/tests/test_agent_bus.py::TestEdgeCases::test_many_capabilities PASSED [  5%]
acgs2-core/enhanced_agent_bus/tests/test_agent_bus.py::TestEdgeCases::test_unicode_tenant_id_rejected PASSED [  5%]
acgs2-core/enhanced_agent_bus/tests/test_agent_bus.py::TestFromConfigFactory::test_from_config_creates_bus PASSED [  5%]
acgs2-core/enhanced_agent_bus/tests/test_agent_bus.py::TestFromConfigFactory::test_from_config_with_custom_settings PASSED [  5%]
acgs2-core/enhanced_agent_bus/tests/test_agent_bus.py::TestMACIStrictMode::test_maci_registration_failure_in_strict_mode PASSED [  5%]
acgs2-core/enhanced_agent_bus/tests/test_agent_bus.py::TestDeliberationQueueRouting::test_requires_deliberation_high_impact PASSED [  5%]
acgs2-core/enhanced_agent_bus/tests/test_agent_bus.py::TestDeliberationQueueRouting::test_requires_deliberation_low_impact PASSED [  5%]
acgs2-core/enhanced_agent_bus/tests/test_agent_bus.py::TestKafkaRouting::test_route_and_deliver_via_kafka_success PASSED [  5%]
acgs2-core/enhanced_agent_bus/tests/test_agent_bus.py::TestKafkaRouting::test_route_and_deliver_via_kafka_failure PASSED [  5%]
acgs2-core/enhanced_agent_bus/tests/test_agent_bus.py::TestTenantValidation::test_normalize_tenant_id_with_value PASSED [  5%]
acgs2-core/enhanced_agent_bus/tests/test_agent_bus.py::TestTenantValidation::test_normalize_tenant_id_empty_string PASSED [  5%]
acgs2-core/enhanced_agent_bus/tests/test_agent_bus.py::TestTenantValidation::test_normalize_tenant_id_none PASSED [  5%]
acgs2-core/enhanced_agent_bus/tests/test_agent_bus.py::TestTenantValidation::test_format_tenant_id_with_value PASSED [  5%]
acgs2-core/enhanced_agent_bus/tests/test_agent_bus.py::TestTenantValidation::test_format_tenant_id_none PASSED [  5%]
acgs2-core/enhanced_agent_bus/tests/test_agent_bus.py::TestTenantValidation::test_validate_tenant_consistency_sender_mismatch FAILED [  5%]
acgs2-core/enhanced_agent_bus/tests/test_agent_bus.py::TestTenantValidation::test_validate_tenant_consistency_recipient_mismatch FAILED [  5%]
acgs2-core/enhanced_agent_bus/tests/test_agent_bus.py::TestPolicyInitialization::test_init_policy_client_disabled PASSED [  5%]
acgs2-core/enhanced_agent_bus/tests/test_agent_bus.py::TestPolicyInitialization::test_init_audit_client_when_available PASSED [  5%]
acgs2-core/enhanced_agent_bus/tests/test_agent_bus.py::TestRegistryInitialization::test_init_registry_with_custom_registry PASSED [  5%]
acgs2-core/enhanced_agent_bus/tests/test_agent_bus.py::TestRegistryInitialization::test_init_registry_default_inmemory PASSED [  5%]
acgs2-core/enhanced_agent_bus/tests/test_agent_bus.py::TestKafkaStartStop::test_start_initializes_kafka_and_consumer PASSED [  5%]
acgs2-core/enhanced_agent_bus/tests/test_agent_bus.py::TestKafkaStartStop::test_stop_cancels_kafka_consumer_task PASSED [  5%]
acgs2-core/enhanced_agent_bus/tests/test_agent_bus.py::TestDeliberationQueue::test_handle_deliberation_enqueues_message PASSED [  6%]
acgs2-core/enhanced_agent_bus/tests/test_agent_bus.py::TestAsyncMetrics::test_get_metrics_async_with_healthy_policy PASSED [  6%]
acgs2-core/enhanced_agent_bus/tests/test_agent_bus.py::TestAsyncMetrics::test_get_metrics_async_with_failing_policy PASSED [  6%]
acgs2-core/enhanced_agent_bus/tests/test_agent_bus.py::TestMACIProperties::test_maci_enabled_property_true PASSED [  6%]
acgs2-core/enhanced_agent_bus/tests/test_agent_bus.py::TestMACIProperties::test_maci_enabled_property_false PASSED [  6%]
acgs2-core/enhanced_agent_bus/tests/test_agent_bus.py::TestMACIProperties::test_maci_registry_property_when_enabled PASSED [  6%]
acgs2-core/enhanced_agent_bus/tests/test_agent_bus.py::TestMACIProperties::test_maci_registry_property_when_disabled PASSED [  6%]
acgs2-core/enhanced_agent_bus/tests/test_agent_bus.py::TestMACIProperties::test_maci_enforcer_property_when_enabled PASSED [  6%]
acgs2-core/enhanced_agent_bus/tests/test_agent_bus.py::TestMACIProperties::test_maci_enforcer_property_when_disabled PASSED [  6%]
acgs2-core/enhanced_agent_bus/tests/test_agent_bus.py::TestValidatorInitialization::test_init_validator_with_custom_validator PASSED [  6%]
acgs2-core/enhanced_agent_bus/tests/test_agent_bus.py::TestValidatorInitialization::test_init_validator_static_hash_default PASSED [  6%]
acgs2-core/enhanced_agent_bus/tests/test_agent_bus.py::TestJWTAgentValidation::test_validate_agent_identity_no_token PASSED [  6%]
acgs2-core/enhanced_agent_bus/tests/test_agent_bus.py::TestJWTAgentValidation::test_validate_agent_identity_token_without_crypto_available PASSED [  6%]
acgs2-core/enhanced_agent_bus/tests/test_agent_bus.py::TestJWTAgentValidation::test_validate_agent_identity_dynamic_mode_no_token PASSED [  6%]
acgs2-core/enhanced_agent_bus/tests/test_agent_bus.py::TestStartWithMetricsAndCircuitBreakers::test_start_records_started_timestamp PASSED [  6%]
acgs2-core/enhanced_agent_bus/tests/test_agent_bus.py::TestStartWithMetricsAndCircuitBreakers::test_start_then_stop_lifecycle PASSED [  6%]
acgs2-core/enhanced_agent_bus/tests/test_agent_bus.py::TestPolicyClientInitialization::test_start_with_policy_client_success PASSED [  6%]
acgs2-core/enhanced_agent_bus/tests/test_agent_bus.py::TestPolicyClientInitialization::test_start_with_policy_client_failure PASSED [  6%]
acgs2-core/enhanced_agent_bus/tests/test_agent_bus.py::TestRouteAndDeliverPaths::test_route_and_deliver_to_internal_queue PASSED [  6%]
acgs2-core/enhanced_agent_bus/tests/test_agent_bus.py::TestKafkaPolling::test_poll_kafka_messages_no_kafka_bus PASSED [  6%]
acgs2-core/enhanced_agent_bus/tests/test_agent_bus.py::TestKafkaPolling::test_poll_kafka_messages_with_kafka PASSED [  6%]
acgs2-core/enhanced_agent_bus/tests/test_agent_bus.py::TestRegistrationWithJWTValidation::test_register_with_validated_tenant_id PASSED [  6%]
acgs2-core/enhanced_agent_bus/tests/test_agent_bus.py::TestRegistrationWithJWTValidation::test_register_with_identity_validation_failure PASSED [  6%]
acgs2-core/enhanced_agent_bus/tests/test_agent_bus.py::TestRegistrationWithPolicyClient::test_register_gets_dynamic_key_from_policy PASSED [  6%]
acgs2-core/enhanced_agent_bus/tests/test_agent_bus.py::TestRegistrationWithPolicyClient::test_register_handles_policy_client_error PASSED [  6%]
acgs2-core/enhanced_agent_bus/tests/test_agent_bus.py::TestMACIRegistrationPaths::test_register_with_maci_role_success PASSED [  6%]
acgs2-core/enhanced_agent_bus/tests/test_agent_bus.py::TestMACIRegistrationPaths::test_register_maci_strict_mode_rollback PASSED [  6%]
acgs2-core/enhanced_agent_bus/tests/test_agent_bus.py::TestOTELTracingPaths::test_send_message_without_otel PASSED [  6%]
acgs2-core/enhanced_agent_bus/tests/test_agent_bus.py::TestKafkaMessageHandler::test_kafka_handler_processes_valid_message PASSED [  6%]
acgs2-core/enhanced_agent_bus/tests/test_agent_bus.py::TestKafkaMessageHandler::test_kafka_handler_with_invalid_message PASSED [  6%]
acgs2-core/enhanced_agent_bus/tests/test_agent_bus.py::TestCircuitBreakerHealthMetrics::test_get_metrics_async_without_circuit_breaker PASSED [  6%]
acgs2-core/enhanced_agent_bus/tests/test_agent_bus.py::TestRedisRegistryPath::test_init_registry_redis_path_not_available PASSED [  6%]
acgs2-core/enhanced_agent_bus/tests/test_agent_bus.py::TestOPAValidatorPath::test_init_validator_opa_path_via_injection PASSED [  6%]
acgs2-core/enhanced_agent_bus/tests/test_agent_bus.py::TestOPAValidatorPath::test_init_validator_dynamic_policy_path PASSED [  6%]
acgs2-core/enhanced_agent_bus/tests/test_agent_bus.py::TestBroadcastMultiTenantIsolation::test_broadcast_skips_agents_from_different_tenant PASSED [  6%]
acgs2-core/enhanced_agent_bus/tests/test_agent_bus.py::TestBroadcastMultiTenantIsolation::test_broadcast_to_no_tenant_agents PASSED [  7%]
acgs2-core/enhanced_agent_bus/tests/test_agent_bus.py::TestQueryMethods::test_get_registered_agents PASSED [  7%]
acgs2-core/enhanced_agent_bus/tests/test_agent_bus.py::TestQueryMethods::test_get_agents_by_type PASSED [  7%]
acgs2-core/enhanced_agent_bus/tests/test_agent_bus.py::TestQueryMethods::test_get_agents_by_capability PASSED [  7%]
acgs2-core/enhanced_agent_bus/tests/test_agent_bus.py::TestSyncMetrics::test_get_metrics_returns_sync_data PASSED [  7%]
acgs2-core/enhanced_agent_bus/tests/test_agent_bus.py::TestFailedMessagePaths::test_send_message_with_invalid_hash PASSED [  7%]
acgs2-core/enhanced_agent_bus/tests/test_agent_bus.py::TestFailedMessagePaths::test_send_message_to_nonexistent_agent PASSED [  7%]
acgs2-core/enhanced_agent_bus/tests/test_agent_bus.py::TestFailedMessagePaths::test_tenant_validation_failure PASSED [  7%]
acgs2-core/enhanced_agent_bus/tests/test_agent_bus.py::TestUnregisterAgent::test_unregister_existing_agent PASSED [  7%]
acgs2-core/enhanced_agent_bus/tests/test_agent_bus.py::TestUnregisterAgent::test_unregister_nonexistent_agent PASSED [  7%]
acgs2-core/enhanced_agent_bus/tests/test_agent_bus.py::TestMessagePriorityPaths::test_high_priority_message PASSED [  7%]
acgs2-core/enhanced_agent_bus/tests/test_agent_bus.py::TestMessagePriorityPaths::test_low_priority_message PASSED [  7%]
acgs2-core/enhanced_agent_bus/tests/test_agent_bus.py::TestBusStopAndCleanup::test_stop_clears_agents PASSED [  7%]
acgs2-core/enhanced_agent_bus/tests/test_agent_bus.py::TestBusStopAndCleanup::test_double_start_is_safe PASSED [  7%]
acgs2-core/enhanced_agent_bus/tests/test_agent_bus.py::TestBusStopAndCleanup::test_double_stop_is_safe PASSED [  7%]
acgs2-core/enhanced_agent_bus/tests/test_agent_bus.py::TestMeteringManagerPaths::test_metering_manager_records_message PASSED [  7%]
acgs2-core/enhanced_agent_bus/tests/test_agent_bus.py::TestInternalQueueAccess::test_message_queue_exists PASSED [  7%]
acgs2-core/enhanced_agent_bus/tests/test_agent_bus.py::TestInternalQueueAccess::test_queue_size_in_metrics PASSED [  7%]
acgs2-core/enhanced_agent_bus/tests/test_agent_bus.py::TestRouteAndDeliverBranches::test_message_to_unregistered_recipient_logs_debug PASSED [  7%]
acgs2-core/enhanced_agent_bus/tests/test_agent_bus.py::TestRouteAndDeliverBranches::test_message_without_to_agent PASSED [  7%]
acgs2-core/enhanced_agent_bus/tests/test_agent_bus.py::TestNormalizeTenantId::test_normalize_none_tenant PASSED [  7%]
acgs2-core/enhanced_agent_bus/tests/test_agent_bus.py::TestNormalizeTenantId::test_normalize_empty_string_tenant PASSED [  7%]
acgs2-core/enhanced_agent_bus/tests/test_agent_bus.py::TestNormalizeTenantId::test_normalize_valid_tenant PASSED [  7%]
acgs2-core/enhanced_agent_bus/tests/test_agent_bus.py::TestNormalizeTenantId::test_normalize_whitespace_tenant PASSED [  7%]
acgs2-core/enhanced_agent_bus/tests/test_agent_bus.py::TestProcessorDelegation::test_processor_metrics_included PASSED [  7%]
acgs2-core/enhanced_agent_bus/tests/test_agent_bus.py::TestProcessorDelegation::test_processor_property_access PASSED [  7%]
acgs2-core/enhanced_agent_bus/tests/test_agent_bus.py::TestDynamicPolicyFlag::test_dynamic_policy_disabled_by_default PASSED [  7%]
acgs2-core/enhanced_agent_bus/tests/test_agent_bus.py::TestDynamicPolicyFlag::test_dynamic_policy_flag_passed PASSED [  7%]
acgs2-core/enhanced_agent_bus/tests/test_agent_entity_workflow.py::TestAgentConfig::test_default_values PASSED [  7%]
acgs2-core/enhanced_agent_bus/tests/test_agent_entity_workflow.py::TestAgentConfig::test_custom_values PASSED [  7%]
acgs2-core/enhanced_agent_bus/tests/test_agent_entity_workflow.py::TestAgentConfig::test_to_dict PASSED [  7%]
acgs2-core/enhanced_agent_bus/tests/test_agent_entity_workflow.py::TestTask::test_default_values PASSED [  7%]
acgs2-core/enhanced_agent_bus/tests/test_agent_entity_workflow.py::TestTask::test_custom_values PASSED [  7%]
acgs2-core/enhanced_agent_bus/tests/test_agent_entity_workflow.py::TestTask::test_to_dict PASSED [  7%]
acgs2-core/enhanced_agent_bus/tests/test_agent_entity_workflow.py::TestTaskResult::test_success_result PASSED [  7%]
acgs2-core/enhanced_agent_bus/tests/test_agent_entity_workflow.py::TestTaskResult::test_failure_result PASSED [  8%]
acgs2-core/enhanced_agent_bus/tests/test_agent_entity_workflow.py::TestTaskResult::test_to_dict PASSED [  8%]
acgs2-core/enhanced_agent_bus/tests/test_agent_entity_workflow.py::TestAgentStatus::test_default_values PASSED [  8%]
acgs2-core/enhanced_agent_bus/tests/test_agent_entity_workflow.py::TestAgentStatus::test_to_dict PASSED [  8%]
acgs2-core/enhanced_agent_bus/tests/test_agent_entity_workflow.py::TestAgentResult::test_completed_result PASSED [  8%]
acgs2-core/enhanced_agent_bus/tests/test_agent_entity_workflow.py::TestAgentResult::test_to_dict PASSED [  8%]
acgs2-core/enhanced_agent_bus/tests/test_agent_entity_workflow.py::TestWorkflowContext::test_initialization PASSED [  8%]
acgs2-core/enhanced_agent_bus/tests/test_agent_entity_workflow.py::TestWorkflowContext::test_signal_queue PASSED [  8%]
acgs2-core/enhanced_agent_bus/tests/test_agent_entity_workflow.py::TestWorkflowContext::test_send_and_wait_for_signal PASSED [  8%]
acgs2-core/enhanced_agent_bus/tests/test_agent_entity_workflow.py::TestWorkflowContext::test_signal_timeout PASSED [  8%]
acgs2-core/enhanced_agent_bus/tests/test_agent_entity_workflow.py::TestSignalDecorator::test_signal_decorator_marks_method PASSED [  8%]
acgs2-core/enhanced_agent_bus/tests/test_agent_entity_workflow.py::TestSignalDecorator::test_signal_decorator_default_name PASSED [  8%]
acgs2-core/enhanced_agent_bus/tests/test_agent_entity_workflow.py::TestQueryDecorator::test_query_decorator_marks_method PASSED [  8%]
acgs2-core/enhanced_agent_bus/tests/test_agent_entity_workflow.py::TestQueryDecorator::test_query_decorator_default_name PASSED [  8%]
acgs2-core/enhanced_agent_bus/tests/test_agent_entity_workflow.py::TestInitializeAgentActivity::test_activity_properties PASSED [  8%]
acgs2-core/enhanced_agent_bus/tests/test_agent_entity_workflow.py::TestInitializeAgentActivity::test_successful_initialization PASSED [  8%]
acgs2-core/enhanced_agent_bus/tests/test_agent_entity_workflow.py::TestInitializeAgentActivity::test_constitutional_hash_mismatch PASSED [  8%]
acgs2-core/enhanced_agent_bus/tests/test_agent_entity_workflow.py::TestExecuteTaskActivity::test_activity_properties PASSED [  8%]
acgs2-core/enhanced_agent_bus/tests/test_agent_entity_workflow.py::TestExecuteTaskActivity::test_successful_task_execution PASSED [  8%]
acgs2-core/enhanced_agent_bus/tests/test_agent_entity_workflow.py::TestExecuteTaskActivity::test_task_constitutional_hash_mismatch PASSED [  8%]
acgs2-core/enhanced_agent_bus/tests/test_agent_entity_workflow.py::TestCheckpointAgentActivity::test_activity_properties PASSED [  8%]
acgs2-core/enhanced_agent_bus/tests/test_agent_entity_workflow.py::TestCheckpointAgentActivity::test_create_checkpoint PASSED [  8%]
acgs2-core/enhanced_agent_bus/tests/test_agent_entity_workflow.py::TestShutdownAgentActivity::test_activity_properties PASSED [  8%]
acgs2-core/enhanced_agent_bus/tests/test_agent_entity_workflow.py::TestShutdownAgentActivity::test_shutdown PASSED [  8%]
acgs2-core/enhanced_agent_bus/tests/test_agent_entity_workflow.py::TestAgentEntityWorkflowInitialization::test_workflow_name PASSED [  8%]
acgs2-core/enhanced_agent_bus/tests/test_agent_entity_workflow.py::TestAgentEntityWorkflowInitialization::test_initial_state PASSED [  8%]
acgs2-core/enhanced_agent_bus/tests/test_agent_entity_workflow.py::TestAgentEntityWorkflowInitialization::test_signals_registered PASSED [  8%]
acgs2-core/enhanced_agent_bus/tests/test_agent_entity_workflow.py::TestAgentEntityWorkflowInitialization::test_queries_registered PASSED [  8%]
acgs2-core/enhanced_agent_bus/tests/test_agent_entity_workflow.py::TestAgentEntityWorkflowLifecycle::test_basic_lifecycle PASSED [  8%]
acgs2-core/enhanced_agent_bus/tests/test_agent_entity_workflow.py::TestAgentEntityWorkflowLifecycle::test_task_processing PASSED [  8%]
acgs2-core/enhanced_agent_bus/tests/test_agent_entity_workflow.py::TestAgentEntityWorkflowLifecycle::test_suspend_and_resume PASSED [  8%]
acgs2-core/enhanced_agent_bus/tests/test_agent_entity_workflow.py::TestAgentEntityWorkflowLifecycle::test_multiple_tasks PASSED [  8%]
acgs2-core/enhanced_agent_bus/tests/test_agent_entity_workflow.py::TestAgentEntityWorkflowSignals::test_assign_task_signal PASSED [  8%]
acgs2-core/enhanced_agent_bus/tests/test_agent_entity_workflow.py::TestAgentEntityWorkflowSignals::test_shutdown_signal PASSED [  8%]
acgs2-core/enhanced_agent_bus/tests/test_agent_entity_workflow.py::TestAgentEntityWorkflowSignals::test_update_config_signal PASSED [  9%]
acgs2-core/enhanced_agent_bus/tests/test_agent_entity_workflow.py::TestAgentEntityWorkflowQueries::test_get_status_query PASSED [  9%]
acgs2-core/enhanced_agent_bus/tests/test_agent_entity_workflow.py::TestAgentEntityWorkflowQueries::test_get_state_query PASSED [  9%]
acgs2-core/enhanced_agent_bus/tests/test_agent_entity_workflow.py::TestAgentEntityWorkflowQueries::test_get_task_results_query PASSED [  9%]
acgs2-core/enhanced_agent_bus/tests/test_agent_entity_workflow.py::TestAgentEntityWorkflowQueries::test_get_pending_tasks_query PASSED [  9%]
acgs2-core/enhanced_agent_bus/tests/test_agent_entity_workflow.py::TestAgentEntityWorkflowQueries::test_get_checkpoints_query PASSED [  9%]
acgs2-core/enhanced_agent_bus/tests/test_agent_entity_workflow.py::TestInMemoryWorkflowExecutor::test_start_workflow PASSED [  9%]
acgs2-core/enhanced_agent_bus/tests/test_agent_entity_workflow.py::TestInMemoryWorkflowExecutor::test_cancel_workflow PASSED [  9%]
acgs2-core/enhanced_agent_bus/tests/test_agent_entity_workflow.py::TestInMemoryWorkflowExecutor::test_query_nonexistent_workflow PASSED [  9%]
acgs2-core/enhanced_agent_bus/tests/test_agent_entity_workflow.py::TestInMemoryWorkflowExecutor::test_send_signal_nonexistent_workflow PASSED [  9%]
acgs2-core/enhanced_agent_bus/tests/test_agent_entity_workflow.py::TestInMemoryWorkflowExecutor::test_get_context PASSED [  9%]
acgs2-core/enhanced_agent_bus/tests/test_agent_entity_workflow.py::TestEdgeCases::test_task_priority_ordering PASSED [  9%]
acgs2-core/enhanced_agent_bus/tests/test_agent_entity_workflow.py::TestEdgeCases::test_agent_state_transitions PASSED [  9%]
acgs2-core/enhanced_agent_bus/tests/test_agent_entity_workflow.py::TestEdgeCases::test_workflow_activity_base_class PASSED [  9%]
acgs2-core/enhanced_agent_bus/tests/test_agent_entity_workflow.py::TestEdgeCases::test_activity_instances_exist PASSED [  9%]
acgs2-core/enhanced_agent_bus/tests/test_agent_entity_workflow.py::TestEdgeCases::test_workflow_without_context PASSED [  9%]
acgs2-core/enhanced_agent_bus/tests/test_agent_entity_workflow.py::TestEdgeCases::test_empty_agent_config PASSED [  9%]
acgs2-core/enhanced_agent_bus/tests/test_agent_entity_workflow.py::TestEdgeCases::test_task_with_retry PASSED [  9%]
acgs2-core/enhanced_agent_bus/tests/test_agent_entity_workflow.py::TestConstitutionalCompliance::test_all_dataclasses_have_constitutional_hash PASSED [  9%]
acgs2-core/enhanced_agent_bus/tests/test_agent_entity_workflow.py::TestConstitutionalCompliance::test_workflow_context_constitutional_hash PASSED [  9%]
acgs2-core/enhanced_agent_bus/tests/test_agent_entity_workflow.py::TestWorkflowIntegration::test_full_workflow_cycle PASSED [  9%]
acgs2-core/enhanced_agent_bus/tests/test_ampo_engine.py::test_ampo_factual_compilation PASSED [  9%]
acgs2-core/enhanced_agent_bus/tests/test_ampo_engine.py::test_ampo_creative_compilation PASSED [  9%]
acgs2-core/enhanced_agent_bus/tests/test_ampo_engine.py::test_ampo_reasoning_compilation PASSED [  9%]
acgs2-core/enhanced_agent_bus/tests/test_audit_client.py::TestAuditClientInitialization::test_default_initialization PASSED [  9%]
acgs2-core/enhanced_agent_bus/tests/test_audit_client.py::TestAuditClientInitialization::test_custom_service_url PASSED [  9%]
acgs2-core/enhanced_agent_bus/tests/test_audit_client.py::TestAuditClientInitialization::test_client_has_http_client PASSED [  9%]
acgs2-core/enhanced_agent_bus/tests/test_audit_client.py::TestReportValidation::test_report_validation_with_to_dict PASSED [  9%]
acgs2-core/enhanced_agent_bus/tests/test_audit_client.py::TestReportValidation::test_report_validation_with_plain_dataclass PASSED [  9%]
acgs2-core/enhanced_agent_bus/tests/test_audit_client.py::TestReportValidation::test_report_validation_with_dict PASSED [  9%]
acgs2-core/enhanced_agent_bus/tests/test_audit_client.py::TestReportValidation::test_report_validation_with_invalid_result PASSED [  9%]
acgs2-core/enhanced_agent_bus/tests/test_audit_client.py::TestReportValidation::test_report_validation_exception_handling PASSED [  9%]
acgs2-core/enhanced_agent_bus/tests/test_audit_client.py::TestReportValidation::test_report_validation_none_input PASSED [  9%]
acgs2-core/enhanced_agent_bus/tests/test_audit_client.py::TestReportValidation::test_report_validation_with_empty_dict PASSED [  9%]
acgs2-core/enhanced_agent_bus/tests/test_audit_client.py::TestGetStats::test_get_stats_success PASSED [  9%]
acgs2-core/enhanced_agent_bus/tests/test_audit_client.py::TestGetStats::test_get_stats_with_custom_url PASSED [ 10%]
acgs2-core/enhanced_agent_bus/tests/test_audit_client.py::TestGetStats::test_get_stats_connection_error PASSED [ 10%]
acgs2-core/enhanced_agent_bus/tests/test_audit_client.py::TestGetStats::test_get_stats_timeout_error PASSED [ 10%]
acgs2-core/enhanced_agent_bus/tests/test_audit_client.py::TestGetStats::test_get_stats_json_decode_error PASSED [ 10%]
acgs2-core/enhanced_agent_bus/tests/test_audit_client.py::TestClose::test_close_client PASSED [ 10%]
acgs2-core/enhanced_agent_bus/tests/test_audit_client.py::TestClose::test_close_multiple_times PASSED [ 10%]
acgs2-core/enhanced_agent_bus/tests/test_audit_client.py::TestAuditClientIntegration::test_full_workflow PASSED [ 10%]
acgs2-core/enhanced_agent_bus/tests/test_audit_client.py::TestAuditClientIntegration::test_multiple_validations PASSED [ 10%]
acgs2-core/enhanced_agent_bus/tests/test_audit_client.py::TestAuditClientIntegration::test_mixed_validation_results PASSED [ 10%]
acgs2-core/enhanced_agent_bus/tests/test_audit_client_coverage_expansion.py::TestAuditClientConfig::test_default_config PASSED [ 10%]
acgs2-core/enhanced_agent_bus/tests/test_audit_client_coverage_expansion.py::TestAuditClientConfig::test_custom_config PASSED [ 10%]
acgs2-core/enhanced_agent_bus/tests/test_audit_client_coverage_expansion.py::TestAuditClientConfig::test_config_based_initialization PASSED [ 10%]
acgs2-core/enhanced_agent_bus/tests/test_audit_client_coverage_expansion.py::TestAuditBatchResult::test_batch_result_creation PASSED [ 10%]
acgs2-core/enhanced_agent_bus/tests/test_audit_client_coverage_expansion.py::TestAuditBatchResult::test_batch_result_to_dict PASSED [ 10%]
acgs2-core/enhanced_agent_bus/tests/test_audit_client_coverage_expansion.py::TestAuditClientLifecycle::test_start_creates_batch_worker PASSED [ 10%]
acgs2-core/enhanced_agent_bus/tests/test_audit_client_coverage_expansion.py::TestAuditClientLifecycle::test_start_no_worker_when_batching_disabled PASSED [ 10%]
acgs2-core/enhanced_agent_bus/tests/test_audit_client_coverage_expansion.py::TestAuditClientLifecycle::test_start_already_running PASSED [ 10%]
acgs2-core/enhanced_agent_bus/tests/test_audit_client_coverage_expansion.py::TestAuditClientLifecycle::test_stop_flushes_pending_batch PASSED [ 10%]
acgs2-core/enhanced_agent_bus/tests/test_audit_client_coverage_expansion.py::TestAuditClientLifecycle::test_stop_cancels_batch_worker PASSED [ 10%]
acgs2-core/enhanced_agent_bus/tests/test_audit_client_coverage_expansion.py::TestBatchingWorkflow::test_queue_for_batch PASSED [ 10%]
acgs2-core/enhanced_agent_bus/tests/test_audit_client_coverage_expansion.py::TestBatchingWorkflow::test_batch_auto_flush_when_full PASSED [ 10%]
acgs2-core/enhanced_agent_bus/tests/test_audit_client_coverage_expansion.py::TestBatchingWorkflow::test_flush_empty_batch_returns_none PASSED [ 10%]
acgs2-core/enhanced_agent_bus/tests/test_audit_client_coverage_expansion.py::TestBatchingWorkflow::test_submit_batch_success PASSED [ 10%]
acgs2-core/enhanced_agent_bus/tests/test_audit_client_coverage_expansion.py::TestBatchingWorkflow::test_submit_batch_empty_returns_none PASSED [ 10%]
acgs2-core/enhanced_agent_bus/tests/test_audit_client_coverage_expansion.py::TestBatchingWorkflow::test_submit_batch_with_failures PASSED [ 10%]
acgs2-core/enhanced_agent_bus/tests/test_audit_client_coverage_expansion.py::TestBatchingWorkflow::test_submit_batch_retry_on_network_error PASSED [ 10%]
acgs2-core/enhanced_agent_bus/tests/test_audit_client_coverage_expansion.py::TestBatchingWorkflow::test_submit_batch_non_200_response PASSED [ 10%]
acgs2-core/enhanced_agent_bus/tests/test_audit_client_coverage_expansion.py::TestCircuitBreakerIntegration::test_submit_single_circuit_open_rejection PASSED [ 10%]
acgs2-core/enhanced_agent_bus/tests/test_audit_client_coverage_expansion.py::TestCircuitBreakerIntegration::test_submit_batch_circuit_open_rejection PASSED [ 10%]
acgs2-core/enhanced_agent_bus/tests/test_audit_client_coverage_expansion.py::TestCircuitBreakerIntegration::test_circuit_breaker_exception_handling PASSED [ 10%]
acgs2-core/enhanced_agent_bus/tests/test_audit_client_coverage_expansion.py::TestHealthCheck::test_health_check_healthy PASSED [ 10%]
acgs2-core/enhanced_agent_bus/tests/test_audit_client_coverage_expansion.py::TestHealthCheck::test_health_check_degraded PASSED [ 10%]
acgs2-core/enhanced_agent_bus/tests/test_audit_client_coverage_expansion.py::TestHealthCheck::test_health_check_unhealthy PASSED [ 10%]
acgs2-core/enhanced_agent_bus/tests/test_audit_client_coverage_expansion.py::TestHealthCheck::test_health_check_with_circuit_state PASSED [ 10%]
acgs2-core/enhanced_agent_bus/tests/test_audit_client_coverage_expansion.py::TestRecentResults::test_get_recent_results_empty PASSED [ 10%]
acgs2-core/enhanced_agent_bus/tests/test_audit_client_coverage_expansion.py::TestRecentResults::test_get_recent_results_with_data PASSED [ 11%]
acgs2-core/enhanced_agent_bus/tests/test_audit_client_coverage_expansion.py::TestRecentResults::test_get_recent_results_limited PASSED [ 11%]
acgs2-core/enhanced_agent_bus/tests/test_audit_client_coverage_expansion.py::TestGlobalClientFunctions::test_get_audit_client_creates_singleton PASSED [ 11%]
acgs2-core/enhanced_agent_bus/tests/test_audit_client_coverage_expansion.py::TestGlobalClientFunctions::test_get_audit_client_with_config PASSED [ 11%]
acgs2-core/enhanced_agent_bus/tests/test_audit_client_coverage_expansion.py::TestGlobalClientFunctions::test_initialize_audit_client PASSED [ 11%]
acgs2-core/enhanced_agent_bus/tests/test_audit_client_coverage_expansion.py::TestGlobalClientFunctions::test_close_audit_client PASSED [ 11%]
acgs2-core/enhanced_agent_bus/tests/test_audit_client_coverage_expansion.py::TestGlobalClientFunctions::test_close_audit_client_when_none PASSED [ 11%]
acgs2-core/enhanced_agent_bus/tests/test_audit_client_coverage_expansion.py::TestRetryLogic::test_submit_single_retry_on_request_error PASSED [ 11%]
acgs2-core/enhanced_agent_bus/tests/test_audit_client_coverage_expansion.py::TestRetryLogic::test_submit_single_success_after_retry PASSED [ 11%]
acgs2-core/enhanced_agent_bus/tests/test_audit_client_coverage_expansion.py::TestRetryLogic::test_submit_single_non_200_response PASSED [ 11%]
acgs2-core/enhanced_agent_bus/tests/test_audit_client_coverage_expansion.py::TestBatchFlushWorker::test_batch_flush_worker_exists_when_batching_enabled PASSED [ 11%]
acgs2-core/enhanced_agent_bus/tests/test_audit_client_coverage_expansion.py::TestBatchFlushWorker::test_batch_flush_worker_stops_on_cancel PASSED [ 11%]
acgs2-core/enhanced_agent_bus/tests/test_audit_client_coverage_expansion.py::TestStatsTracking::test_stats_track_submitted PASSED [ 11%]
acgs2-core/enhanced_agent_bus/tests/test_audit_client_coverage_expansion.py::TestStatsTracking::test_get_stats_returns_comprehensive_info PASSED [ 11%]
acgs2-core/enhanced_agent_bus/tests/test_audit_client_coverage_expansion.py::TestSerialization::test_serialize_with_to_dict PASSED [ 11%]
acgs2-core/enhanced_agent_bus/tests/test_audit_client_coverage_expansion.py::TestSerialization::test_serialize_dataclass PASSED [ 11%]
acgs2-core/enhanced_agent_bus/tests/test_audit_client_coverage_expansion.py::TestSerialization::test_serialize_dict PASSED [ 11%]
acgs2-core/enhanced_agent_bus/tests/test_audit_client_coverage_expansion.py::TestEdgeCases::test_report_with_batching_not_running PASSED [ 11%]
acgs2-core/enhanced_agent_bus/tests/test_audit_client_coverage_expansion.py::TestEdgeCases::test_concurrent_batch_operations PASSED [ 11%]
acgs2-core/enhanced_agent_bus/tests/test_audit_client_coverage_expansion.py::TestEdgeCases::test_stop_without_start PASSED [ 11%]
acgs2-core/enhanced_agent_bus/tests/test_blockchain_integration.py::TestAuditClientConfig::test_default_config PASSED [ 11%]
acgs2-core/enhanced_agent_bus/tests/test_blockchain_integration.py::TestAuditClientConfig::test_custom_config PASSED [ 11%]
acgs2-core/enhanced_agent_bus/tests/test_blockchain_integration.py::TestAuditBatchResult::test_batch_result_creation PASSED [ 11%]
acgs2-core/enhanced_agent_bus/tests/test_blockchain_integration.py::TestAuditBatchResult::test_batch_result_to_dict PASSED [ 11%]
acgs2-core/enhanced_agent_bus/tests/test_blockchain_integration.py::TestAuditClient::test_initialization_with_url PASSED [ 11%]
acgs2-core/enhanced_agent_bus/tests/test_blockchain_integration.py::TestAuditClient::test_initialization_with_config PASSED [ 11%]
acgs2-core/enhanced_agent_bus/tests/test_blockchain_integration.py::TestAuditClient::test_stats_initialization PASSED [ 11%]
acgs2-core/enhanced_agent_bus/tests/test_blockchain_integration.py::TestAuditClient::test_start_stop PASSED [ 11%]
acgs2-core/enhanced_agent_bus/tests/test_blockchain_integration.py::TestAuditClient::test_get_stats PASSED [ 11%]
acgs2-core/enhanced_agent_bus/tests/test_blockchain_integration.py::TestAuditClient::test_health_check_disconnected PASSED [ 11%]
acgs2-core/enhanced_agent_bus/tests/test_blockchain_integration.py::TestAuditClient::test_get_recent_results_empty PASSED [ 11%]
acgs2-core/enhanced_agent_bus/tests/test_blockchain_integration.py::TestAnchorBackend::test_all_backends_defined PASSED [ 11%]
acgs2-core/enhanced_agent_bus/tests/test_blockchain_integration.py::TestAnchorBackend::test_backend_count PASSED [ 11%]
acgs2-core/enhanced_agent_bus/tests/test_blockchain_integration.py::TestAnchorStatus::test_all_statuses_defined PASSED [ 11%]
acgs2-core/enhanced_agent_bus/tests/test_blockchain_integration.py::TestAnchorResult::test_anchor_result_creation PASSED [ 11%]
acgs2-core/enhanced_agent_bus/tests/test_blockchain_integration.py::TestAnchorResult::test_anchor_result_to_dict PASSED [ 12%]
acgs2-core/enhanced_agent_bus/tests/test_blockchain_integration.py::TestAnchorResult::test_anchor_result_failed PASSED [ 12%]
acgs2-core/enhanced_agent_bus/tests/test_blockchain_integration.py::TestAnchorManagerConfig::test_default_config PASSED [ 12%]
acgs2-core/enhanced_agent_bus/tests/test_blockchain_integration.py::TestAnchorManagerConfig::test_custom_config PASSED [ 12%]
acgs2-core/enhanced_agent_bus/tests/test_blockchain_integration.py::TestPendingAnchor::test_pending_anchor_creation PASSED [ 12%]
acgs2-core/enhanced_agent_bus/tests/test_blockchain_integration.py::TestBlockchainAnchorManager::test_initialization_default PASSED [ 12%]
acgs2-core/enhanced_agent_bus/tests/test_blockchain_integration.py::TestBlockchainAnchorManager::test_initialization_with_config PASSED [ 12%]
acgs2-core/enhanced_agent_bus/tests/test_blockchain_integration.py::TestBlockchainAnchorManager::test_stats_initialization PASSED [ 12%]
acgs2-core/enhanced_agent_bus/tests/test_blockchain_integration.py::TestBlockchainAnchorManager::test_start_stop PASSED [ 12%]
acgs2-core/enhanced_agent_bus/tests/test_blockchain_integration.py::TestBlockchainAnchorManager::test_anchor_root_not_running PASSED [ 12%]
acgs2-core/enhanced_agent_bus/tests/test_blockchain_integration.py::TestBlockchainAnchorManager::test_anchor_root_queued PASSED [ 12%]
acgs2-core/enhanced_agent_bus/tests/test_blockchain_integration.py::TestBlockchainAnchorManager::test_health_check PASSED [ 12%]
acgs2-core/enhanced_agent_bus/tests/test_blockchain_integration.py::TestBlockchainAnchorManager::test_get_recent_results_empty PASSED [ 12%]
acgs2-core/enhanced_agent_bus/tests/test_blockchain_integration.py::TestAuditLedgerConfig::test_default_config PASSED [ 12%]
acgs2-core/enhanced_agent_bus/tests/test_blockchain_integration.py::TestAuditLedgerConfig::test_custom_config PASSED [ 12%]
acgs2-core/enhanced_agent_bus/tests/test_blockchain_integration.py::TestAuditLedger::test_initialization_legacy_api PASSED [ 12%]
acgs2-core/enhanced_agent_bus/tests/test_blockchain_integration.py::TestAuditLedger::test_initialization_with_config PASSED [ 12%]
acgs2-core/enhanced_agent_bus/tests/test_blockchain_integration.py::TestAuditLedger::test_anchor_stats_initialization PASSED [ 12%]
acgs2-core/enhanced_agent_bus/tests/test_blockchain_integration.py::TestAuditLedger::test_get_ledger_stats PASSED [ 12%]
acgs2-core/enhanced_agent_bus/tests/test_blockchain_integration.py::TestAuditLedger::test_get_anchor_health_no_manager PASSED [ 12%]
acgs2-core/enhanced_agent_bus/tests/test_blockchain_integration.py::TestAuditLedger::test_get_recent_anchor_results_no_manager PASSED [ 12%]
acgs2-core/enhanced_agent_bus/tests/test_blockchain_integration.py::TestConstitutionalHashCompliance::test_constitutional_hash_value PASSED [ 12%]
acgs2-core/enhanced_agent_bus/tests/test_blockchain_integration.py::TestConstitutionalHashCompliance::test_audit_client_includes_hash PASSED [ 12%]
acgs2-core/enhanced_agent_bus/tests/test_blockchain_integration.py::TestConstitutionalHashCompliance::test_anchor_result_includes_hash PASSED [ 12%]
acgs2-core/enhanced_agent_bus/tests/test_blockchain_integration.py::TestConstitutionalHashCompliance::test_batch_result_includes_hash PASSED [ 12%]
acgs2-core/enhanced_agent_bus/tests/test_blockchain_integration.py::TestCircuitBreakerIntegration::test_audit_client_circuit_breaker_config PASSED [ 12%]
acgs2-core/enhanced_agent_bus/tests/test_blockchain_integration.py::TestCircuitBreakerIntegration::test_anchor_manager_circuit_breaker_config PASSED [ 12%]
acgs2-core/enhanced_agent_bus/tests/test_blockchain_integration.py::TestFireAndForgetPattern::test_fire_and_forget_config PASSED [ 12%]
acgs2-core/enhanced_agent_bus/tests/test_blockchain_integration.py::TestFireAndForgetPattern::test_sync_anchoring_config PASSED [ 12%]
acgs2-core/enhanced_agent_bus/tests/test_blockchain_integration.py::TestBackendFailover::test_failover_enabled_by_default PASSED [ 12%]
acgs2-core/enhanced_agent_bus/tests/test_blockchain_integration.py::TestBackendFailover::test_failover_can_be_disabled PASSED [ 12%]
acgs2-core/enhanced_agent_bus/tests/test_blockchain_integration.py::TestBackendFailover::test_max_failover_attempts PASSED [ 12%]
acgs2-core/enhanced_agent_bus/tests/test_blockchain_integration.py::TestMultiBackendSupport::test_single_backend PASSED [ 12%]
acgs2-core/enhanced_agent_bus/tests/test_blockchain_integration.py::TestMultiBackendSupport::test_multiple_backends PASSED [ 12%]
acgs2-core/enhanced_agent_bus/tests/test_blockchain_integration.py::TestMultiBackendSupport::test_ledger_backend_string_conversion PASSED [ 13%]
acgs2-core/enhanced_agent_bus/tests/test_blockchain_integration.py::TestEdgeCases::test_audit_client_close_not_started PASSED [ 13%]
acgs2-core/enhanced_agent_bus/tests/test_blockchain_integration.py::TestEdgeCases::test_anchor_manager_stop_not_started PASSED [ 13%]
acgs2-core/enhanced_agent_bus/tests/test_blockchain_integration.py::TestEdgeCases::test_ledger_stop_not_started PASSED [ 13%]
acgs2-core/enhanced_agent_bus/tests/test_blockchain_integration.py::TestEdgeCases::test_empty_backend_list PASSED [ 13%]
acgs2-core/enhanced_agent_bus/tests/test_bundle_registry.py::TestConstitutionalHash::test_constitutional_hash_value PASSED [ 13%]
acgs2-core/enhanced_agent_bus/tests/test_bundle_registry.py::TestConstitutionalHash::test_constitutional_hash_length PASSED [ 13%]
acgs2-core/enhanced_agent_bus/tests/test_bundle_registry.py::TestRegistryType::test_harbor_type PASSED [ 13%]
acgs2-core/enhanced_agent_bus/tests/test_bundle_registry.py::TestRegistryType::test_ecr_type PASSED [ 13%]
acgs2-core/enhanced_agent_bus/tests/test_bundle_registry.py::TestRegistryType::test_gcr_type PASSED [ 13%]
acgs2-core/enhanced_agent_bus/tests/test_bundle_registry.py::TestRegistryType::test_acr_type PASSED [ 13%]
acgs2-core/enhanced_agent_bus/tests/test_bundle_registry.py::TestRegistryType::test_generic_type PASSED [ 13%]
acgs2-core/enhanced_agent_bus/tests/test_bundle_registry.py::TestRegistryType::test_all_types_exist PASSED [ 13%]
acgs2-core/enhanced_agent_bus/tests/test_bundle_registry.py::TestBundleStatus::test_draft_status PASSED [ 13%]
acgs2-core/enhanced_agent_bus/tests/test_bundle_registry.py::TestBundleStatus::test_pending_review_status PASSED [ 13%]
acgs2-core/enhanced_agent_bus/tests/test_bundle_registry.py::TestBundleStatus::test_approved_status PASSED [ 13%]
acgs2-core/enhanced_agent_bus/tests/test_bundle_registry.py::TestBundleStatus::test_published_status PASSED [ 13%]
acgs2-core/enhanced_agent_bus/tests/test_bundle_registry.py::TestBundleStatus::test_deprecated_status PASSED [ 13%]
acgs2-core/enhanced_agent_bus/tests/test_bundle_registry.py::TestBundleStatus::test_revoked_status PASSED [ 13%]
acgs2-core/enhanced_agent_bus/tests/test_bundle_registry.py::TestBundleStatus::test_all_statuses_exist PASSED [ 13%]
acgs2-core/enhanced_agent_bus/tests/test_bundle_registry.py::TestBundleManifest::test_create_manifest PASSED [ 13%]
acgs2-core/enhanced_agent_bus/tests/test_bundle_registry.py::TestBundleManifest::test_default_timestamp PASSED [ 13%]
acgs2-core/enhanced_agent_bus/tests/test_bundle_registry.py::TestBundleManifest::test_default_roots PASSED [ 13%]
acgs2-core/enhanced_agent_bus/tests/test_bundle_registry.py::TestBundleManifest::test_default_signatures PASSED [ 13%]
acgs2-core/enhanced_agent_bus/tests/test_bundle_registry.py::TestBundleManifest::test_default_metadata PASSED [ 13%]
acgs2-core/enhanced_agent_bus/tests/test_bundle_registry.py::TestBundleManifest::test_invalid_constitutional_hash_raises PASSED [ 13%]
acgs2-core/enhanced_agent_bus/tests/test_bundle_registry.py::TestBundleManifest::test_to_dict PASSED [ 13%]
acgs2-core/enhanced_agent_bus/tests/test_bundle_registry.py::TestBundleManifest::test_from_dict PASSED [ 13%]
acgs2-core/enhanced_agent_bus/tests/test_bundle_registry.py::TestBundleManifest::test_add_signature PASSED [ 13%]
acgs2-core/enhanced_agent_bus/tests/test_bundle_registry.py::TestBundleManifest::test_compute_digest PASSED [ 13%]
acgs2-core/enhanced_agent_bus/tests/test_bundle_registry.py::TestBundleManifest::test_compute_digest_deterministic PASSED [ 13%]
acgs2-core/enhanced_agent_bus/tests/test_bundle_registry.py::TestBundleManifest::test_verify_signature_no_signatures PASSED [ 13%]
acgs2-core/enhanced_agent_bus/tests/test_bundle_registry.py::TestBundleManifest::test_verify_signature_invalid_key_format PASSED [ 13%]
acgs2-core/enhanced_agent_bus/tests/test_bundle_registry.py::TestBundleArtifact::test_create_artifact PASSED [ 13%]
acgs2-core/enhanced_agent_bus/tests/test_bundle_registry.py::TestBundleArtifact::test_artifact_with_manifest PASSED [ 13%]
acgs2-core/enhanced_agent_bus/tests/test_bundle_registry.py::TestBundleArtifact::test_artifact_annotations PASSED [ 14%]
acgs2-core/enhanced_agent_bus/tests/test_bundle_registry.py::TestBundleArtifact::test_artifact_default_annotations PASSED [ 14%]
acgs2-core/enhanced_agent_bus/tests/test_bundle_registry.py::TestBasicAuthProvider::test_credentials_encrypted PASSED [ 14%]
acgs2-core/enhanced_agent_bus/tests/test_bundle_registry.py::TestBasicAuthProvider::test_username_decryption PASSED [ 14%]
acgs2-core/enhanced_agent_bus/tests/test_bundle_registry.py::TestBasicAuthProvider::test_password_decryption PASSED [ 14%]
acgs2-core/enhanced_agent_bus/tests/test_bundle_registry.py::TestBasicAuthProvider::test_get_token PASSED [ 14%]
acgs2-core/enhanced_agent_bus/tests/test_bundle_registry.py::TestBasicAuthProvider::test_get_token_cached PASSED [ 14%]
acgs2-core/enhanced_agent_bus/tests/test_bundle_registry.py::TestBasicAuthProvider::test_refresh_token PASSED [ 14%]
acgs2-core/enhanced_agent_bus/tests/test_bundle_registry.py::TestAWSECRAuthProvider::test_default_region PASSED [ 14%]
acgs2-core/enhanced_agent_bus/tests/test_bundle_registry.py::TestAWSECRAuthProvider::test_custom_region PASSED [ 14%]
acgs2-core/enhanced_agent_bus/tests/test_bundle_registry.py::TestAWSECRAuthProvider::test_profile_setting PASSED [ 14%]
acgs2-core/enhanced_agent_bus/tests/test_bundle_registry.py::TestAWSECRAuthProvider::test_initial_token_state PASSED [ 14%]
acgs2-core/enhanced_agent_bus/tests/test_bundle_registry.py::TestOCIRegistryClient::test_client_initialization PASSED [ 14%]
acgs2-core/enhanced_agent_bus/tests/test_bundle_registry.py::TestOCIRegistryClient::test_client_strips_trailing_slash PASSED [ 14%]
acgs2-core/enhanced_agent_bus/tests/test_bundle_registry.py::TestOCIRegistryClient::test_client_parses_host PASSED [ 14%]
acgs2-core/enhanced_agent_bus/tests/test_bundle_registry.py::TestOCIRegistryClient::test_client_with_auth_provider PASSED [ 14%]
acgs2-core/enhanced_agent_bus/tests/test_bundle_registry.py::TestOCIRegistryClient::test_client_with_registry_type PASSED [ 14%]
acgs2-core/enhanced_agent_bus/tests/test_bundle_registry.py::TestOCIRegistryClient::test_client_ssl_disabled PASSED [ 14%]
acgs2-core/enhanced_agent_bus/tests/test_bundle_registry.py::TestOCIRegistryClient::test_from_url_https PASSED [ 14%]
acgs2-core/enhanced_agent_bus/tests/test_bundle_registry.py::TestOCIRegistryClient::test_from_url_oci PASSED [ 14%]
acgs2-core/enhanced_agent_bus/tests/test_bundle_registry.py::TestOCIRegistryClient::test_from_url_no_scheme PASSED [ 14%]
acgs2-core/enhanced_agent_bus/tests/test_bundle_registry.py::TestOCIRegistryClient::test_initial_stats PASSED [ 14%]
acgs2-core/enhanced_agent_bus/tests/test_bundle_registry.py::TestOCIRegistryClient::test_stats_with_ecr_type PASSED [ 14%]
acgs2-core/enhanced_agent_bus/tests/test_bundle_registry.py::TestOCIRegistryClient::test_context_manager PASSED [ 14%]
acgs2-core/enhanced_agent_bus/tests/test_bundle_registry.py::TestOCIRegistryClient::test_initialize_creates_session PASSED [ 14%]
acgs2-core/enhanced_agent_bus/tests/test_bundle_registry.py::TestOCIRegistryClient::test_close_clears_session PASSED [ 14%]
acgs2-core/enhanced_agent_bus/tests/test_bundle_registry.py::TestBundleDistributionService::test_service_initialization PASSED [ 14%]
acgs2-core/enhanced_agent_bus/tests/test_bundle_registry.py::TestBundleDistributionService::test_service_with_fallbacks PASSED [ 14%]
acgs2-core/enhanced_agent_bus/tests/test_bundle_registry.py::TestBundleDistributionService::test_service_default_cache_dir PASSED [ 14%]
acgs2-core/enhanced_agent_bus/tests/test_bundle_registry.py::TestBundleDistributionService::test_service_custom_cache_dir PASSED [ 14%]
acgs2-core/enhanced_agent_bus/tests/test_bundle_registry.py::TestBundleDistributionService::test_service_initial_lkg_state PASSED [ 14%]
acgs2-core/enhanced_agent_bus/tests/test_bundle_registry.py::TestModuleFunctions::test_get_distribution_service_initially_none PASSED [ 14%]
acgs2-core/enhanced_agent_bus/tests/test_bundle_registry.py::TestModuleFunctions::test_initialize_distribution_service PASSED [ 14%]
acgs2-core/enhanced_agent_bus/tests/test_bundle_registry.py::TestModuleFunctions::test_close_distribution_service PASSED [ 14%]
acgs2-core/enhanced_agent_bus/tests/test_bundle_registry.py::TestManifestRoundTrip::test_to_dict_from_dict_roundtrip PASSED [ 14%]
acgs2-core/enhanced_agent_bus/tests/test_bundle_registry.py::TestAuthProviderAbstract::test_abstract_methods PASSED [ 15%]
acgs2-core/enhanced_agent_bus/tests/test_bundle_registry.py::TestAuthProviderAbstract::test_cannot_instantiate_directly PASSED [ 15%]
acgs2-core/enhanced_agent_bus/tests/test_bundle_registry.py::TestClientHeaders::test_headers_without_auth PASSED [ 15%]
acgs2-core/enhanced_agent_bus/tests/test_bundle_registry.py::TestClientHeaders::test_headers_with_basic_auth PASSED [ 15%]
acgs2-core/enhanced_agent_bus/tests/test_bundle_registry.py::TestClientHeaders::test_headers_with_ecr_auth PASSED [ 15%]
acgs2-core/enhanced_agent_bus/tests/test_bundle_registry_coverage_expansion.py::TestBundleManifestValidation::test_validate_with_no_schema_file PASSED [ 15%]
acgs2-core/enhanced_agent_bus/tests/test_bundle_registry_coverage_expansion.py::TestBundleManifestValidation::test_validate_with_valid_schema PASSED [ 15%]
acgs2-core/enhanced_agent_bus/tests/test_bundle_registry_coverage_expansion.py::TestBundleManifestValidation::test_validate_with_invalid_schema_data PASSED [ 15%]
acgs2-core/enhanced_agent_bus/tests/test_bundle_registry_coverage_expansion.py::TestBundleManifestSignature::test_verify_signature_with_valid_signature PASSED [ 15%]
acgs2-core/enhanced_agent_bus/tests/test_bundle_registry_coverage_expansion.py::TestBundleManifestSignature::test_verify_signature_with_invalid_signature PASSED [ 15%]
acgs2-core/enhanced_agent_bus/tests/test_bundle_registry_coverage_expansion.py::TestBundleManifestSignature::test_verify_signature_skips_non_ed25519 PASSED [ 15%]
acgs2-core/enhanced_agent_bus/tests/test_bundle_registry_coverage_expansion.py::TestAWSECRAuthProviderExpanded::test_get_token_with_valid_cached_token PASSED [ 15%]
acgs2-core/enhanced_agent_bus/tests/test_bundle_registry_coverage_expansion.py::TestAWSECRAuthProviderExpanded::test_get_token_with_expired_token PASSED [ 15%]
acgs2-core/enhanced_agent_bus/tests/test_bundle_registry_coverage_expansion.py::TestAWSECRAuthProviderExpanded::test_refresh_token_with_boto3 PASSED [ 15%]
acgs2-core/enhanced_agent_bus/tests/test_bundle_registry_coverage_expansion.py::TestAWSECRAuthProviderExpanded::test_refresh_token_without_boto3 PASSED [ 15%]
acgs2-core/enhanced_agent_bus/tests/test_bundle_registry_coverage_expansion.py::TestOCIRegistryClientNetworkOperations::test_check_health_success PASSED [ 15%]
acgs2-core/enhanced_agent_bus/tests/test_bundle_registry_coverage_expansion.py::TestOCIRegistryClientNetworkOperations::test_check_health_failure PASSED [ 15%]
acgs2-core/enhanced_agent_bus/tests/test_bundle_registry_coverage_expansion.py::TestOCIRegistryClientNetworkOperations::test_list_tags_success PASSED [ 15%]
acgs2-core/enhanced_agent_bus/tests/test_bundle_registry_coverage_expansion.py::TestOCIRegistryClientNetworkOperations::test_list_tags_empty_on_error PASSED [ 15%]
acgs2-core/enhanced_agent_bus/tests/test_bundle_registry_coverage_expansion.py::TestOCIRegistryClientNetworkOperations::test_delete_tag_success PASSED [ 15%]
acgs2-core/enhanced_agent_bus/tests/test_bundle_registry_coverage_expansion.py::TestOCIRegistryClientNetworkOperations::test_delete_tag_failure PASSED [ 15%]
acgs2-core/enhanced_agent_bus/tests/test_bundle_registry_coverage_expansion.py::TestOCIRegistryClientPushPull::test_push_bundle_constitutional_hash_mismatch PASSED [ 15%]
acgs2-core/enhanced_agent_bus/tests/test_bundle_registry_coverage_expansion.py::TestOCIRegistryClientPushPull::test_push_bundle_auto_initialize PASSED [ 15%]
acgs2-core/enhanced_agent_bus/tests/test_bundle_registry_coverage_expansion.py::TestOCIRegistryClientPushPull::test_push_bundle_blob_exists_skips_upload PASSED [ 15%]
acgs2-core/enhanced_agent_bus/tests/test_bundle_registry_coverage_expansion.py::TestOCIRegistryClientPushPull::test_push_bundle_upload_initiation_failure PASSED [ 15%]
acgs2-core/enhanced_agent_bus/tests/test_bundle_registry_coverage_expansion.py::TestOCIRegistryClientPullBundle::test_pull_bundle_success PASSED [ 15%]
acgs2-core/enhanced_agent_bus/tests/test_bundle_registry_coverage_expansion.py::TestOCIRegistryClientPullBundle::test_pull_bundle_constitutional_hash_mismatch PASSED [ 15%]
acgs2-core/enhanced_agent_bus/tests/test_bundle_registry_coverage_expansion.py::TestOCIRegistryClientPullBundle::test_pull_bundle_no_layers PASSED [ 15%]
acgs2-core/enhanced_agent_bus/tests/test_bundle_registry_coverage_expansion.py::TestBundleDistributionServiceOperations::test_publish_to_primary_only PASSED [ 15%]
acgs2-core/enhanced_agent_bus/tests/test_bundle_registry_coverage_expansion.py::TestBundleDistributionServiceOperations::test_publish_with_replication PASSED [ 15%]
acgs2-core/enhanced_agent_bus/tests/test_bundle_registry_coverage_expansion.py::TestBundleDistributionServiceOperations::test_publish_replication_failure PASSED [ 15%]
acgs2-core/enhanced_agent_bus/tests/test_bundle_registry_coverage_expansion.py::TestBundleDistributionServiceOperations::test_fetch_from_cache PASSED [ 15%]
acgs2-core/enhanced_agent_bus/tests/test_bundle_registry_coverage_expansion.py::TestBundleDistributionServiceOperations::test_fetch_from_primary PASSED [ 15%]
acgs2-core/enhanced_agent_bus/tests/test_bundle_registry_coverage_expansion.py::TestBundleDistributionServiceOperations::test_fetch_fallback_on_primary_failure PASSED [ 15%]
acgs2-core/enhanced_agent_bus/tests/test_bundle_registry_coverage_expansion.py::TestBundleDistributionServiceOperations::test_fetch_uses_lkg_when_all_fail PASSED [ 15%]
acgs2-core/enhanced_agent_bus/tests/test_bundle_registry_coverage_expansion.py::TestBundleDistributionServiceOperations::test_fetch_raises_when_no_lkg PASSED [ 16%]
acgs2-core/enhanced_agent_bus/tests/test_bundle_registry_coverage_expansion.py::TestABTestBundle::test_get_ab_test_bundle_experiment_found PASSED [ 16%]
acgs2-core/enhanced_agent_bus/tests/test_bundle_registry_coverage_expansion.py::TestABTestBundle::test_get_ab_test_bundle_falls_back_to_base PASSED [ 16%]
acgs2-core/enhanced_agent_bus/tests/test_bundle_registry_coverage_expansion.py::TestOCIRegistryClientReplication::test_replicate_from PASSED [ 16%]
acgs2-core/enhanced_agent_bus/tests/test_bundle_registry_coverage_expansion.py::TestOCIRegistryClientReplication::test_copy_bundle PASSED [ 16%]
acgs2-core/enhanced_agent_bus/tests/test_bundle_registry_coverage_expansion.py::TestOCIRegistryClientSigning::test_sign_manifest PASSED [ 16%]
acgs2-core/enhanced_agent_bus/tests/test_bundle_registry_coverage_expansion.py::TestOCIRegistryClientSigning::test_sign_manifest_error PASSED [ 16%]
acgs2-core/enhanced_agent_bus/tests/test_bundle_registry_coverage_expansion.py::TestGlobalFunctionsExpanded::test_close_distribution_service_with_fallbacks PASSED [ 16%]
acgs2-core/enhanced_agent_bus/tests/test_bundle_registry_coverage_expansion.py::TestGlobalFunctionsExpanded::test_initialize_with_registry_type PASSED [ 16%]
acgs2-core/enhanced_agent_bus/tests/test_cellular_resilience.py::TestCellularResilience::test_degraded_mode_on_processor_failure PASSED [ 16%]
acgs2-core/enhanced_agent_bus/tests/test_cellular_resilience.py::TestCellularResilience::test_isolated_mode_latency_benchmark PASSED [ 16%]
acgs2-core/enhanced_agent_bus/tests/test_cellular_resilience.py::TestCellularResilience::test_concurrency_stress_during_outage PASSED [ 16%]
acgs2-core/enhanced_agent_bus/tests/test_cellular_resilience.py::TestCellularResilience::test_isolated_mode_dependency_decoupling PASSED [ 16%]
acgs2-core/enhanced_agent_bus/tests/test_chaos_framework.py::TestChaosScenario::test_create_latency_scenario PASSED [ 16%]
acgs2-core/enhanced_agent_bus/tests/test_chaos_framework.py::TestChaosScenario::test_create_error_scenario PASSED [ 16%]
acgs2-core/enhanced_agent_bus/tests/test_chaos_framework.py::TestChaosScenario::test_create_circuit_breaker_scenario PASSED [ 16%]
acgs2-core/enhanced_agent_bus/tests/test_chaos_framework.py::TestChaosScenario::test_create_resource_exhaustion_scenario PASSED [ 16%]
acgs2-core/enhanced_agent_bus/tests/test_chaos_framework.py::TestChaosScenario::test_constitutional_hash_validation PASSED [ 16%]
acgs2-core/enhanced_agent_bus/tests/test_chaos_framework.py::TestChaosScenario::test_max_duration_enforcement PASSED [ 16%]
acgs2-core/enhanced_agent_bus/tests/test_chaos_framework.py::TestChaosScenario::test_error_rate_validation PASSED [ 16%]
acgs2-core/enhanced_agent_bus/tests/test_chaos_framework.py::TestChaosScenario::test_resource_level_validation PASSED [ 16%]
acgs2-core/enhanced_agent_bus/tests/test_chaos_framework.py::TestChaosScenario::test_blast_radius_auto_add_target PASSED [ 16%]
acgs2-core/enhanced_agent_bus/tests/test_chaos_framework.py::TestChaosScenario::test_blast_radius_custom PASSED [ 16%]
acgs2-core/enhanced_agent_bus/tests/test_chaos_framework.py::TestChaosScenario::test_scenario_to_dict PASSED [ 16%]
acgs2-core/enhanced_agent_bus/tests/test_chaos_framework.py::TestChaosEngine::test_engine_initialization PASSED [ 16%]
acgs2-core/enhanced_agent_bus/tests/test_chaos_framework.py::TestChaosEngine::test_engine_invalid_hash PASSED [ 16%]
acgs2-core/enhanced_agent_bus/tests/test_chaos_framework.py::TestChaosEngine::test_emergency_stop PASSED [ 16%]
acgs2-core/enhanced_agent_bus/tests/test_chaos_framework.py::TestChaosEngine::test_reset_after_emergency_stop PASSED [ 16%]
acgs2-core/enhanced_agent_bus/tests/test_chaos_framework.py::TestChaosEngine::test_get_metrics PASSED [ 16%]
acgs2-core/enhanced_agent_bus/tests/test_chaos_framework.py::TestChaosEngine::test_inject_latency PASSED [ 16%]
acgs2-core/enhanced_agent_bus/tests/test_chaos_framework.py::TestChaosEngine::test_inject_errors PASSED [ 16%]
acgs2-core/enhanced_agent_bus/tests/test_chaos_framework.py::TestChaosEngine::test_force_circuit_open PASSED [ 16%]
acgs2-core/enhanced_agent_bus/tests/test_chaos_framework.py::TestChaosEngine::test_simulate_resource_exhaustion PASSED [ 16%]
acgs2-core/enhanced_agent_bus/tests/test_chaos_framework.py::TestChaosEngine::test_automatic_cleanup PASSED [ 16%]
acgs2-core/enhanced_agent_bus/tests/test_chaos_framework.py::TestChaosEngine::test_manual_deactivation PASSED [ 17%]
acgs2-core/enhanced_agent_bus/tests/test_chaos_framework.py::TestChaosEngine::test_emergency_stop_prevents_activation PASSED [ 17%]
acgs2-core/enhanced_agent_bus/tests/test_chaos_framework.py::TestChaosEngine::test_chaos_context_manager PASSED [ 17%]
acgs2-core/enhanced_agent_bus/tests/test_chaos_framework.py::TestLatencyInjection::test_latency_injection_accuracy PASSED [ 17%]
acgs2-core/enhanced_agent_bus/tests/test_chaos_framework.py::TestLatencyInjection::test_latency_not_injected_outside_blast_radius PASSED [ 17%]
acgs2-core/enhanced_agent_bus/tests/test_chaos_framework.py::TestLatencyInjection::test_latency_metrics_tracking PASSED [ 17%]
acgs2-core/enhanced_agent_bus/tests/test_chaos_framework.py::TestErrorInjection::test_error_injection_rate PASSED [ 17%]
acgs2-core/enhanced_agent_bus/tests/test_chaos_framework.py::TestErrorInjection::test_error_type_injection PASSED [ 17%]
acgs2-core/enhanced_agent_bus/tests/test_chaos_framework.py::TestErrorInjection::test_error_not_injected_outside_blast_radius FAILED [ 17%]
acgs2-core/enhanced_agent_bus/tests/test_chaos_framework.py::TestErrorInjection::test_error_metrics_tracking PASSED [ 17%]
acgs2-core/enhanced_agent_bus/tests/test_chaos_framework.py::TestConstitutionalCompliance::test_constitutional_hash_in_scenario PASSED [ 17%]
acgs2-core/enhanced_agent_bus/tests/test_chaos_framework.py::TestConstitutionalCompliance::test_constitutional_hash_in_metrics PASSED [ 17%]
acgs2-core/enhanced_agent_bus/tests/test_chaos_framework.py::TestConstitutionalCompliance::test_chaos_maintains_constitutional_compliance PASSED [ 17%]
acgs2-core/enhanced_agent_bus/tests/test_chaos_framework.py::TestChaosTestDecorator::test_decorator_latency PASSED [ 17%]
acgs2-core/enhanced_agent_bus/tests/test_chaos_framework.py::TestChaosTestDecorator::test_decorator_errors PASSED [ 17%]
acgs2-core/enhanced_agent_bus/tests/test_chaos_framework.py::TestSafetyControls::test_max_duration_limit PASSED [ 17%]
acgs2-core/enhanced_agent_bus/tests/test_chaos_framework.py::TestSafetyControls::test_emergency_stop_clears_all_scenarios PASSED [ 17%]
acgs2-core/enhanced_agent_bus/tests/test_chaos_framework.py::TestSafetyControls::test_blast_radius_enforcement PASSED [ 17%]
acgs2-core/enhanced_agent_bus/tests/test_config.py::TestBusConfigurationDefaults::test_default_redis_url PASSED [ 17%]
acgs2-core/enhanced_agent_bus/tests/test_config.py::TestBusConfigurationDefaults::test_default_kafka_servers PASSED [ 17%]
[...]
acgs2-core/enhanced_agent_bus/tests/test_z3_adapter_coverage.py::TestZ3SyncExecution::test_run_z3_sync_with_custom_timeout PASSED [ 98%]
acgs2-core/enhanced_agent_bus/tests/test_z3_adapter_coverage.py::TestZ3SyncExecution::test_run_z3_sync_with_assertions PASSED [ 98%]
acgs2-core/enhanced_agent_bus/tests/test_z3_adapter_coverage.py::TestZ3SyncExecution::test_extract_stats_success PASSED [ 98%]
acgs2-core/enhanced_agent_bus/tests/test_z3_adapter_coverage.py::TestZ3SyncExecution::test_extract_stats_exception PASSED [ 98%]
acgs2-core/enhanced_agent_bus/tests/test_z3_adapter_coverage.py::TestZ3ExceptionHandling::test_run_z3_sync_z3_exception PASSED [ 98%]
acgs2-core/enhanced_agent_bus/tests/test_z3_adapter_coverage.py::TestZ3ExceptionHandling::test_run_z3_sync_proof_exception PASSED [ 98%]
acgs2-core/enhanced_agent_bus/tests/test_z3_adapter_coverage.py::TestZ3ExceptionHandling::test_run_z3_sync_unsat_core_exception PASSED [ 98%]
acgs2-core/enhanced_agent_bus/tests/test_z3_adapter_coverage.py::TestConvenienceFunctions::test_check_satisfiability_creates_adapter PASSED [ 98%]
acgs2-core/enhanced_agent_bus/tests/test_z3_adapter_coverage.py::TestConvenienceFunctions::test_check_satisfiability_uses_provided_adapter PASSED [ 98%]
acgs2-core/enhanced_agent_bus/tests/test_z3_adapter_coverage.py::TestConvenienceFunctions::test_prove_property_creates_adapter PASSED [ 98%]
acgs2-core/enhanced_agent_bus/tests/test_z3_adapter_coverage.py::TestConvenienceFunctions::test_prove_property_negates_formula PASSED [ 98%]
acgs2-core/enhanced_agent_bus/tests/test_z3_adapter_coverage.py::TestConvenienceFunctions::test_prove_property_with_context PASSED [ 98%]
acgs2-core/enhanced_agent_bus/tests/test_z3_adapter_coverage.py::TestZ3AvailabilityCheck::test_check_z3_available_true PASSED [ 98%]
acgs2-core/enhanced_agent_bus/tests/test_z3_adapter_coverage.py::TestZ3AvailabilityCheck::test_check_z3_available_import_error PASSED [ 98%]
acgs2-core/enhanced_agent_bus/tests/test_z3_adapter_coverage.py::TestEdgeCases::test_empty_formula PASSED [ 98%]
acgs2-core/enhanced_agent_bus/tests/test_z3_adapter_coverage.py::TestEdgeCases::test_very_long_formula PASSED [ 98%]
acgs2-core/enhanced_agent_bus/tests/test_z3_adapter_coverage.py::TestEdgeCases::test_response_with_large_model PASSED [ 98%]
acgs2-core/enhanced_agent_bus/tests/test_z3_adapter_coverage.py::TestEdgeCases::test_adapter_config_inheritance PASSED [ 98%]
acgs2-core/enhanced_agent_bus/tests/test_z3_adapter_coverage.py::TestEdgeCases::test_concurrent_requests PASSED [ 98%]
acgs2-core/enhanced_agent_bus/tests/runtime/test_chaos_profiles.py::TestConstitutionalHash::test_constitutional_hash_present PASSED [ 98%]
acgs2-core/enhanced_agent_bus/tests/runtime/test_chaos_profiles.py::TestConstitutionalHash::test_profile_has_constitutional_hash PASSED [ 98%]
acgs2-core/enhanced_agent_bus/tests/runtime/test_chaos_profiles.py::TestChaosInjection::test_valid_injection_creation PASSED [ 98%]
acgs2-core/enhanced_agent_bus/tests/runtime/test_chaos_profiles.py::TestChaosInjection::test_intensity_lower_bound PASSED [ 99%]
acgs2-core/enhanced_agent_bus/tests/runtime/test_chaos_profiles.py::TestChaosInjection::test_intensity_upper_bound PASSED [ 99%]
acgs2-core/enhanced_agent_bus/tests/runtime/test_chaos_profiles.py::TestChaosInjection::test_intensity_boundary_values PASSED [ 99%]
acgs2-core/enhanced_agent_bus/tests/runtime/test_chaos_profiles.py::TestChaosInjection::test_negative_duration_rejected PASSED [ 99%]
acgs2-core/enhanced_agent_bus/tests/runtime/test_chaos_profiles.py::TestChaosInjection::test_zero_duration_allowed PASSED [ 99%]
acgs2-core/enhanced_agent_bus/tests/runtime/test_chaos_profiles.py::TestChaosProfile::test_profile_creation PASSED [ 99%]
acgs2-core/enhanced_agent_bus/tests/runtime/test_chaos_profiles.py::TestChaosProfile::test_add_injection PASSED [ 99%]
acgs2-core/enhanced_agent_bus/tests/runtime/test_chaos_profiles.py::TestChaosProfile::test_get_targets PASSED [ 99%]
acgs2-core/enhanced_agent_bus/tests/runtime/test_chaos_profiles.py::TestPredefinedProfiles::test_governance_profile_structure PASSED [ 99%]
acgs2-core/enhanced_agent_bus/tests/runtime/test_chaos_profiles.py::TestPredefinedProfiles::test_audit_profile_structure PASSED [ 99%]
acgs2-core/enhanced_agent_bus/tests/runtime/test_chaos_profiles.py::TestPredefinedProfiles::test_timing_profile_structure PASSED [ 99%]
acgs2-core/enhanced_agent_bus/tests/runtime/test_chaos_profiles.py::TestPredefinedProfiles::test_combined_profile_structure PASSED [ 99%]
acgs2-core/enhanced_agent_bus/tests/runtime/test_chaos_profiles.py::TestPredefinedProfiles::test_all_profiles_have_deterministic_seeds PASSED [ 99%]
acgs2-core/enhanced_agent_bus/tests/runtime/test_chaos_profiles.py::TestChaosProfileRegistry::test_default_profiles_registered PASSED [ 99%]
acgs2-core/enhanced_agent_bus/tests/runtime/test_chaos_profiles.py::TestChaosProfileRegistry::test_get_existing_profile PASSED [ 99%]
acgs2-core/enhanced_agent_bus/tests/runtime/test_chaos_profiles.py::TestChaosProfileRegistry::test_get_nonexistent_profile PASSED [ 99%]
acgs2-core/enhanced_agent_bus/tests/runtime/test_chaos_profiles.py::TestChaosProfileRegistry::test_register_custom_profile PASSED [ 99%]
acgs2-core/enhanced_agent_bus/tests/runtime/test_chaos_profiles.py::TestChaosProfileRegistry::test_get_all_profiles PASSED [ 99%]
acgs2-core/enhanced_agent_bus/tests/runtime/test_chaos_profiles.py::TestDeterministicChaosExecutor::test_executor_creation PASSED [ 99%]
acgs2-core/enhanced_agent_bus/tests/runtime/test_chaos_profiles.py::TestDeterministicChaosExecutor::test_executor_start PASSED [ 99%]
acgs2-core/enhanced_agent_bus/tests/runtime/test_chaos_profiles.py::TestDeterministicChaosExecutor::test_executor_stop PASSED [ 99%]
acgs2-core/enhanced_agent_bus/tests/runtime/test_chaos_profiles.py::TestDeterministicChaosExecutor::test_should_inject_before_start PASSED [ 99%]
acgs2-core/enhanced_agent_bus/tests/runtime/test_chaos_profiles.py::TestDeterministicChaosExecutor::test_should_inject_deterministic PASSED [ 99%]
acgs2-core/enhanced_agent_bus/tests/runtime/test_chaos_profiles.py::TestDeterministicChaosExecutor::test_should_inject_inactive_target PASSED [ 99%]
acgs2-core/enhanced_agent_bus/tests/runtime/test_chaos_profiles.py::TestDeterministicChaosExecutor::test_injection_respects_duration PASSED [ 99%]
acgs2-core/enhanced_agent_bus/tests/runtime/test_chaos_profiles.py::TestDeterministicChaosExecutor::test_get_injection_stats PASSED [ 99%]
acgs2-core/enhanced_agent_bus/tests/runtime/test_chaos_profiles.py::TestHelperFunctions::test_get_profile_existing PASSED [ 99%]
acgs2-core/enhanced_agent_bus/tests/runtime/test_chaos_profiles.py::TestHelperFunctions::test_get_profile_nonexistent PASSED [ 99%]
acgs2-core/enhanced_agent_bus/tests/runtime/test_chaos_profiles.py::TestHelperFunctions::test_list_profiles PASSED [ 99%]
acgs2-core/enhanced_agent_bus/tests/runtime/test_chaos_profiles.py::TestHelperFunctions::test_create_executor PASSED [ 99%]
acgs2-core/enhanced_agent_bus/tests/runtime/test_chaos_profiles.py::TestHelperFunctions::test_create_executor_invalid_profile PASSED [ 99%]
acgs2-core/enhanced_agent_bus/tests/runtime/test_chaos_profiles.py::TestChaosTypeEnum::test_all_chaos_types PASSED [ 99%]
acgs2-core/enhanced_agent_bus/tests/runtime/test_chaos_profiles.py::TestChaosTargetEnum::test_governance_targets PASSED [ 99%]
acgs2-core/enhanced_agent_bus/tests/runtime/test_chaos_profiles.py::TestChaosTargetEnum::test_audit_targets PASSED [ 99%]
acgs2-core/enhanced_agent_bus/tests/runtime/test_chaos_profiles.py::TestChaosTargetEnum::test_timing_targets PASSED [100%]

=================================== FAILURES ===================================
_________________ TestEdgeCases.test_register_duplicate_agent __________________
acgs2-core/enhanced_agent_bus/tests/test_agent_bus.py:880: in test_register_duplicate_agent
    assert info["agent_type"] == "supervisor"
E   AssertionError: assert 'worker' == 'supervisor'
E     - supervisor
E     + worker
____ TestTenantValidation.test_validate_tenant_consistency_sender_mismatch _____
acgs2-core/enhanced_agent_bus/tests/test_agent_bus.py:1115: in test_validate_tenant_consistency_sender_mismatch
    errors = tenant_bus._validate_tenant_consistency(message)
acgs2-core/enhanced_agent_bus/agent_bus.py:269: in _validate_tenant_consistency
    return validate_tenant_consistency(self._agents, from_agent, to_agent, tid)
acgs2-core/enhanced_agent_bus/security_helpers.py:23: in validate_tenant_consistency
    if from_agent in agents_registry:
E   TypeError: unhashable type: 'AgentMessage'
___ TestTenantValidation.test_validate_tenant_consistency_recipient_mismatch ___
acgs2-core/enhanced_agent_bus/tests/test_agent_bus.py:1135: in test_validate_tenant_consistency_recipient_mismatch
    errors = tenant_bus._validate_tenant_consistency(message)
acgs2-core/enhanced_agent_bus/agent_bus.py:269: in _validate_tenant_consistency
    return validate_tenant_consistency(self._agents, from_agent, to_agent, tid)
acgs2-core/enhanced_agent_bus/security_helpers.py:23: in validate_tenant_consistency
    if from_agent in agents_registry:
E   TypeError: unhashable type: 'AgentMessage'
_______ TestErrorInjection.test_error_not_injected_outside_blast_radius ________
acgs2-core/enhanced_agent_bus/tests/test_chaos_framework.py:542: in test_error_not_injected_outside_blast_radius
    assert engine.should_inject_error("allowed_target") == ValueError
E   AssertionError: assert None == ValueError
E    +  where None = <bound method ChaosEngine.should_inject_error of <enhanced_agent_bus.chaos_testing.ChaosEngine object at 0x73353373abd0>>('allowed_target')
E    +    where <bound method ChaosEngine.should_inject_error of <enhanced_agent_bus.chaos_testing.ChaosEngine object at 0x73353373abd0>> = <enhanced_agent_bus.chaos_testing.ChaosEngine object at 0x73353373abd0>.should_inject_error
------------------------------ Captured log call -------------------------------
WARNING  enhanced_agent_bus.chaos_testing:chaos_testing.py:131 Error rate 1.0 exceeds safety limit 0.9, capping to limit
WARNING  enhanced_agent_bus.chaos_testing:chaos_testing.py:419 [cdd01ef066bc6cf2] Activated chaos scenario: errors_allowed_target_1.0 (duration: 2.0s)
______________ TestEnhancedAgentBusActual.test_broadcast_message _______________
acgs2-core/enhanced_agent_bus/tests/test_core_actual.py:358: in test_broadcast_message
    assert isinstance(results, dict)
E   AssertionError: assert False
E    +  where False = isinstance(['receiver1', 'receiver2'], dict)
______ TestEnhancedAgentBusAdditional.test_broadcast_to_empty_recipients _______
acgs2-core/enhanced_agent_bus/tests/test_core_actual.py:585: in test_broadcast_to_empty_recipients
    assert isinstance(results, dict)
E   assert False
E    +  where False = isinstance([], dict)
_ TestEnhancedAgentBusAdditional.test_agent_registration_updates_capabilities __
acgs2-core/enhanced_agent_bus/tests/test_core_actual.py:594: in test_agent_registration_updates_capabilities
    assert "review" in info["capabilities"]
E   AssertionError: assert 'review' in ['task']
_________________ TestEnhancedAgentBusDI.test_full_di_workflow _________________
acgs2-core/enhanced_agent_bus/tests/test_dependency_injection.py:409: in test_full_di_workflow
    assert await registry.exists("agent-1") is False  # Legacy dict still used
E   assert True is False
___________________ TestScoringConfig.test_boost_thresholds ____________________
acgs2-core/enhanced_agent_bus/tests/test_impact_scorer_comprehensive.py:72: in test_boost_thresholds
    assert config.critical_priority_boost == 0.9
E   assert 0.95 == 0.9
E    +  where 0.95 = ScoringConfig(semantic_weight=0.3, permission_weight=0.2, volume_weight=0.05, context_weight=0.05, drift_weight=0.1, priority_weight=0.2, type_weight=0.1, critical_priority_boost=0.95, high_semantic_boost=0.9).critical_priority_boost
__ TestMACIValidationStrategy.test_validate_governance_request_from_executive __
acgs2-core/enhanced_agent_bus/tests/test_maci_enforcement.py:501: in test_validate_governance_request_from_executive
    assert is_valid is True
E   assert False is True
_ TestMACIValidationStrategy.test_validate_governance_request_from_judicial_fails _
acgs2-core/enhanced_agent_bus/tests/test_maci_enforcement.py:522: in test_validate_governance_request_from_judicial_fails
    assert "judicial" in error.lower()
E   AssertionError: assert 'judicial' in 'unknown type'
E    +  where 'unknown type' = <built-in method lower of str object at 0x7336443fad70>()
E    +    where <built-in method lower of str object at 0x7336443fad70> = 'Unknown type'.lower
__ TestMACIValidationStrategy.test_validate_validation_request_from_judicial ___
acgs2-core/enhanced_agent_bus/tests/test_maci_enforcement.py:540: in test_validate_validation_request_from_judicial
    assert is_valid is True
E   assert False is True
_________ TestMACIValidationStrategy.test_validate_query_from_any_role _________
acgs2-core/enhanced_agent_bus/tests/test_maci_enforcement.py:559: in test_validate_query_from_any_role
    assert is_valid is True, f"Role {role.value} should be able to query"
E   AssertionError: Role executive should be able to query
E   assert False is True
________ TestMACIMiddlewareFactory.test_middleware_passes_valid_message ________
acgs2-core/enhanced_agent_bus/tests/test_maci_enforcement.py:784: in test_middleware_passes_valid_message
    result = await middleware(message, next_handler)
acgs2-core/enhanced_agent_bus/maci_enforcement.py:295: in middleware
    if not is_valid: raise MACIRoleViolationError(msg.from_agent, "unknown", str(msg.message_type))
E   enhanced_agent_bus.exceptions.MACIRoleViolationError: Agent 'exec-1' (unknown) cannot perform 'MessageType.GOVERNANCE_REQUEST'
_______ TestIntegrationWithMessageProcessor.test_processor_with_metering _______
acgs2-core/enhanced_agent_bus/tests/test_metering_integration.py:620: in test_processor_with_metering
    processor = MessageProcessor(
acgs2-core/enhanced_agent_bus/message_processor.py:87: in __init__
    self._processing_strategy = kwargs.get("processing_strategy") or self._auto_select_strategy()
acgs2-core/enhanced_agent_bus/message_processor.py:92: in _auto_select_strategy
    from .registry import StaticHashValidationStrategy, PythonProcessingStrategy, RustProcessingStrategy, OPAProcessingStrategy, CompositeProcessingStrategy
E   ImportError: attempted relative import with no known parent package
_____ TestIntegrationWithMessageProcessor.test_processor_metering_disabled _____
acgs2-core/enhanced_agent_bus/tests/test_metering_integration.py:641: in test_processor_metering_disabled
    processor = MessageProcessor(
acgs2-core/enhanced_agent_bus/message_processor.py:87: in __init__
    self._processing_strategy = kwargs.get("processing_strategy") or self._auto_select_strategy()
acgs2-core/enhanced_agent_bus/message_processor.py:92: in _auto_select_strategy
    from .registry import StaticHashValidationStrategy, PythonProcessingStrategy, RustProcessingStrategy, OPAProcessingStrategy, CompositeProcessingStrategy
E   ImportError: attempted relative import with no known parent package
=========================== short test summary info ============================
SKIPPED [1] acgs2-core/enhanced_agent_bus/tests/test_health_aggregator.py:226: Circuit breaker support not available
SKIPPED [1] acgs2-core/enhanced_agent_bus/tests/test_health_aggregator.py:277: Circuit breaker support not available
SKIPPED [1] acgs2-core/enhanced_agent_bus/tests/test_health_aggregator.py:296: Circuit breaker support not available
SKIPPED [1] acgs2-core/enhanced_agent_bus/tests/test_health_aggregator.py:314: Circuit breaker support not available
SKIPPED [1] acgs2-core/enhanced_agent_bus/tests/test_health_aggregator.py:366: Circuit breaker support not available
SKIPPED [1] acgs2-core/enhanced_agent_bus/tests/test_health_aggregator.py:414: Circuit breaker support not available
SKIPPED [1] acgs2-core/enhanced_agent_bus/tests/test_health_aggregator.py:447: Circuit breaker support not available
SKIPPED [1] acgs2-core/enhanced_agent_bus/tests/test_health_aggregator.py:497: Circuit breaker support not available
SKIPPED [1] acgs2-core/enhanced_agent_bus/tests/test_health_aggregator.py:557: Circuit breaker support not available
SKIPPED [1] acgs2-core/enhanced_agent_bus/tests/test_health_aggregator.py:590: Circuit breaker support not available
SKIPPED [1] acgs2-core/enhanced_agent_bus/tests/test_health_aggregator_integration.py:78: Circuit breaker support not available
SKIPPED [1] acgs2-core/enhanced_agent_bus/tests/test_health_aggregator_integration.py:95: Circuit breaker support not available
SKIPPED [1] acgs2-core/enhanced_agent_bus/tests/test_health_aggregator_integration.py:131: Circuit breaker support not available
SKIPPED [1] acgs2-core/enhanced_agent_bus/tests/test_health_aggregator_integration.py:170: Circuit breaker support not available
SKIPPED [1] acgs2-core/enhanced_agent_bus/tests/test_health_aggregator_integration.py:197: Circuit breaker support not available
SKIPPED [1] acgs2-core/enhanced_agent_bus/tests/test_health_aggregator_integration.py:281: Circuit breaker support not available
SKIPPED [1] acgs2-core/enhanced_agent_bus/tests/test_health_aggregator_integration.py:309: Circuit breaker support not available
SKIPPED [1] acgs2-core/enhanced_agent_bus/tests/test_health_aggregator_integration.py:333: Circuit breaker support not available
SKIPPED [1] acgs2-core/enhanced_agent_bus/tests/test_health_aggregator_integration.py:373: Circuit breaker support not available
SKIPPED [1] acgs2-core/enhanced_agent_bus/tests/test_health_aggregator_integration.py:395: Circuit breaker support not available
FAILED acgs2-core/enhanced_agent_bus/tests/test_agent_bus.py::TestEdgeCases::test_register_duplicate_agent
FAILED acgs2-core/enhanced_agent_bus/tests/test_agent_bus.py::TestTenantValidation::test_validate_tenant_consistency_sender_mismatch
FAILED acgs2-core/enhanced_agent_bus/tests/test_agent_bus.py::TestTenantValidation::test_validate_tenant_consistency_recipient_mismatch
FAILED acgs2-core/enhanced_agent_bus/tests/test_chaos_framework.py::TestErrorInjection::test_error_not_injected_outside_blast_radius
FAILED acgs2-core/enhanced_agent_bus/tests/test_core_actual.py::TestEnhancedAgentBusActual::test_broadcast_message
FAILED acgs2-core/enhanced_agent_bus/tests/test_core_actual.py::TestEnhancedAgentBusAdditional::test_broadcast_to_empty_recipients
FAILED acgs2-core/enhanced_agent_bus/tests/test_core_actual.py::TestEnhancedAgentBusAdditional::test_agent_registration_updates_capabilities
FAILED acgs2-core/enhanced_agent_bus/tests/test_dependency_injection.py::TestEnhancedAgentBusDI::test_full_di_workflow
FAILED acgs2-core/enhanced_agent_bus/tests/test_impact_scorer_comprehensive.py::TestScoringConfig::test_boost_thresholds
FAILED acgs2-core/enhanced_agent_bus/tests/test_maci_enforcement.py::TestMACIValidationStrategy::test_validate_governance_request_from_executive
FAILED acgs2-core/enhanced_agent_bus/tests/test_maci_enforcement.py::TestMACIValidationStrategy::test_validate_governance_request_from_judicial_fails
FAILED acgs2-core/enhanced_agent_bus/tests/test_maci_enforcement.py::TestMACIValidationStrategy::test_validate_validation_request_from_judicial
FAILED acgs2-core/enhanced_agent_bus/tests/test_maci_enforcement.py::TestMACIValidationStrategy::test_validate_query_from_any_role
FAILED acgs2-core/enhanced_agent_bus/tests/test_maci_enforcement.py::TestMACIMiddlewareFactory::test_middleware_passes_valid_message
FAILED acgs2-core/enhanced_agent_bus/tests/test_metering_integration.py::TestIntegrationWithMessageProcessor::test_processor_with_metering
FAILED acgs2-core/enhanced_agent_bus/tests/test_metering_integration.py::TestIntegrationWithMessageProcessor::test_processor_metering_disabled
================= 16 failed, 3440 passed, 20 skipped in 31.53s =================
